Unity Editor version:    2020.3.18f1 (a7d1c678663c)
Branch:                  2020.3/staging
Build type:              Release
Batch mode:              YES
System name:             Linux
Distro version:          #152-Ubuntu SMP Wed Nov 23 20:19:22 UTC 2022
Kernel version:          5.4.0-135-generic
Architecture:            x86_64
Available memory:        32097 MB
Using pre-set license
Pro License: NO
Desktop is 1920 x 1080 @ 60 Hz

COMMAND LINE ARGUMENTS:
Unity
-adb2
-batchMode
-noUpm
-name
AssetImportWorker0
-projectPath
/home/hz/git/RPG-Tutorial/Finished Project
-logFile
Logs/AssetImportWorker0.log
-srvPort
33195
Successfully changed project path to: /home/hz/git/RPG-Tutorial/Finished Project
/home/hz/git/RPG-Tutorial/Finished Project
Using Asset Import Pipeline V2.
Refreshing native plugins compatible for Editor in 20.81 ms, found 0 plugins.
Preloading 0 native plugins for Editor in 0.00 ms.
Initialize engine version: 2020.3.18f1 (a7d1c678663c)
[Subsystems] Discovering subsystems at path /home/hz/Unity/Hub/Editor/2020.3.18f1/Editor/Data/Resources/UnitySubsystems
[Subsystems] Discovering subsystems at path /home/hz/git/RPG-Tutorial/Finished Project/Assets
GLX Extensions: GLX_ARB_get_proc_address GLX_ARB_multisample GLX_EXT_visual_info GLX_EXT_visual_rating GLX_EXT_import_context GLX_SGI_video_sync GLX_SGIX_fbconfig GLX_SGIX_pbuffer GLX_SGI_swap_control GLX_EXT_swap_control GLX_EXT_swap_control_tear GLX_EXT_buffer_age GLX_ARB_create_context GLX_ARB_create_context_profile GLX_NV_float_buffer GLX_ARB_fbconfig_float GLX_EXT_texture_from_pixmap GLX_EXT_framebuffer_sRGB GLX_NV_copy_image GLX_EXT_create_context_es_profile GLX_EXT_create_context_es2_profile GLX_ARB_create_context_no_error GLX_ARB_create_context_robustness GLX_NV_delay_before_swap GLX_EXT_stereo_tree GLX_ARB_context_flush_control GLX_NV_robustness_video_memory_purge GLX_NV_multigpu_context 
Renderer: NVIDIA GeForce RTX 3060/PCIe/SSE2
Vendor:   NVIDIA Corporation
Version:  4.5.0 NVIDIA 470.141.03
GLES:     0
 GL_AMD_multi_draw_indirect GL_AMD_seamless_cubemap_per_texture GL_AMD_vertex_shader_viewport_index GL_AMD_vertex_shader_layer GL_ARB_arrays_of_arrays GL_ARB_base_instance GL_ARB_bindless_texture GL_ARB_blend_func_extended GL_ARB_buffer_storage GL_ARB_clear_buffer_object GL_ARB_clear_texture GL_ARB_clip_control GL_ARB_color_buffer_float GL_ARB_compressed_texture_pixel_storage GL_ARB_conservative_depth GL_ARB_compute_shader GL_ARB_compute_variable_group_size GL_ARB_conditional_render_inverted GL_ARB_copy_buffer GL_ARB_copy_image GL_ARB_cull_distance GL_ARB_debug_output GL_ARB_depth_buffer_float GL_ARB_depth_clamp GL_ARB_depth_texture GL_ARB_derivative_control GL_ARB_direct_state_access GL_ARB_draw_buffers GL_ARB_draw_buffers_blend GL_ARB_draw_indirect GL_ARB_draw_elements_base_vertex GL_ARB_draw_instanced GL_ARB_enhanced_layouts GL_ARB_ES2_compatibility GL_ARB_ES3_compatibility GL_ARB_ES3_1_compatibility GL_ARB_ES3_2_compatibility GL_ARB_explicit_attrib_location GL_ARB_explicit_uniform_location GL_ARB_fragmen
t_coord_conventions GL_ARB_fragment_layer_viewport GL_ARB_fragment_program GL_ARB_fragment_program_shadow GL_ARB_fragment_shader GL_ARB_fragment_shader_interlock GL_ARB_framebuffer_no_attachments GL_ARB_framebuffer_object GL_ARB_framebuffer_sRGB GL_ARB_geometry_shader4 GL_ARB_get_program_binary GL_ARB_get_texture_sub_image GL_ARB_gl_spirv GL_ARB_gpu_shader5 GL_ARB_gpu_shader_fp64 GL_ARB_gpu_shader_int64 GL_ARB_half_float_pixel GL_ARB_half_float_vertex GL_ARB_imaging GL_ARB_indirect_parameters GL_ARB_instanced_arrays GL_ARB_internalformat_query GL_ARB_internalformat_query2 GL_ARB_invalidate_subdata GL_ARB_map_buffer_alignment GL_ARB_map_buffer_range GL_ARB_multi_bind GL_ARB_multi_draw_indirect GL_ARB_multisample GL_ARB_multitexture GL_ARB_occlusion_query GL_ARB_occlusion_query2 GL_ARB_parallel_shader_compile GL_ARB_pipeline_statistics_query GL_ARB_pixel_buffer_object GL_ARB_point_parameters GL_ARB_point_sprite GL_ARB_polygon_offset_clamp GL_ARB_post_depth_coverage GL_ARB_program_interface_query GL_ARB_provoki
ng_vertex GL_ARB_query_buffer_object GL_ARB_robust_buffer_access_behavior GL_ARB_robustness GL_ARB_sample_locations GL_ARB_sample_shading GL_ARB_sampler_objects GL_ARB_seamless_cube_map GL_ARB_seamless_cubemap_per_texture GL_ARB_separate_shader_objects GL_ARB_shader_atomic_counter_ops GL_ARB_shader_atomic_counters GL_ARB_shader_ballot GL_ARB_shader_bit_encoding GL_ARB_shader_clock GL_ARB_shader_draw_parameters GL_ARB_shader_group_vote GL_ARB_shader_image_load_store GL_ARB_shader_image_size GL_ARB_shader_objects GL_ARB_shader_precision GL_ARB_shader_storage_buffer_object GL_ARB_shader_subroutine GL_ARB_shader_texture_image_samples GL_ARB_shader_texture_lod GL_ARB_shading_language_100 GL_ARB_shader_viewport_layer_array GL_ARB_shading_language_420pack GL_ARB_shading_language_include GL_ARB_shading_language_packing GL_ARB_shadow GL_ARB_sparse_buffer GL_ARB_sparse_texture GL_ARB_sparse_texture2 GL_ARB_sparse_texture_clamp GL_ARB_spirv_extensions GL_ARB_stencil_texturing GL_ARB_sync GL_ARB_tessellation_shader GL_A
RB_texture_barrier GL_ARB_texture_border_clamp GL_ARB_texture_buffer_object GL_ARB_texture_buffer_object_rgb32 GL_ARB_texture_buffer_range GL_ARB_texture_compression GL_ARB_texture_compression_bptc GL_ARB_texture_compression_rgtc GL_ARB_texture_cube_map GL_ARB_texture_cube_map_array GL_ARB_texture_env_add GL_ARB_texture_env_combine GL_ARB_texture_env_crossbar GL_ARB_texture_env_dot3 GL_ARB_texture_filter_anisotropic GL_ARB_texture_filter_minmax GL_ARB_texture_float GL_ARB_texture_gather GL_ARB_texture_mirror_clamp_to_edge GL_ARB_texture_mirrored_repeat GL_ARB_texture_multisample GL_ARB_texture_non_power_of_two GL_ARB_texture_query_levels GL_ARB_texture_query_lod GL_ARB_texture_rectangle GL_ARB_texture_rg GL_ARB_texture_rgb10_a2ui GL_ARB_texture_stencil8 GL_ARB_texture_storage GL_ARB_texture_storage_multisample GL_ARB_texture_swizzle GL_ARB_texture_view GL_ARB_timer_query GL_ARB_transform_feedback2 GL_ARB_transform_feedback3 GL_ARB_transform_feedback_instanced GL_ARB_transform_feedback_overflow_query GL_ARB_t
ranspose_matrix GL_ARB_uniform_buffer_object GL_ARB_vertex_array_bgra GL_ARB_vertex_array_object GL_ARB_vertex_attrib_64bit GL_ARB_vertex_attrib_binding GL_ARB_vertex_buffer_object GL_ARB_vertex_program GL_ARB_vertex_shader GL_ARB_vertex_type_10f_11f_11f_rev GL_ARB_vertex_type_2_10_10_10_rev GL_ARB_viewport_array GL_ARB_window_pos GL_ATI_draw_buffers GL_ATI_texture_float GL_ATI_texture_mirror_once GL_S3_s3tc GL_EXT_texture_env_add GL_EXT_abgr GL_EXT_bgra GL_EXT_bindable_uniform GL_EXT_blend_color GL_EXT_blend_equation_separate GL_EXT_blend_func_separate GL_EXT_blend_minmax GL_EXT_blend_subtract GL_EXT_compiled_vertex_array GL_EXT_Cg_shader GL_EXT_depth_bounds_test GL_EXT_direct_state_access GL_EXT_draw_buffers2 GL_EXT_draw_instanced GL_EXT_draw_range_elements GL_EXT_fog_coord GL_EXT_framebuffer_blit GL_EXT_framebuffer_multisample GL_EXTX_framebuffer_mixed_formats GL_EXT_framebuffer_multisample_blit_scaled GL_EXT_framebuffer_object GL_EXT_framebuffer_sRGB GL_EXT_geometry_shader4 GL_EXT_gpu_program_parameters 
GL_EXT_gpu_shader4 GL_EXT_multi_draw_arrays GL_EXT_multiview_texture_multisample GL_EXT_multiview_timer_query GL_EXT_packed_depth_stencil GL_EXT_packed_float GL_EXT_packed_pixels GL_EXT_pixel_buffer_object GL_EXT_point_parameters GL_EXT_polygon_offset_clamp GL_EXT_post_depth_coverage GL_EXT_provoking_vertex GL_EXT_raster_multisample GL_EXT_rescale_normal GL_EXT_secondary_color GL_EXT_separate_shader_objects GL_EXT_separate_specular_color GL_EXT_shader_image_load_formatted GL_EXT_shader_image_load_store GL_EXT_shader_integer_mix GL_EXT_shadow_funcs GL_EXT_sparse_texture2 GL_EXT_stencil_two_side GL_EXT_stencil_wrap GL_EXT_texture3D GL_EXT_texture_array GL_EXT_texture_buffer_object GL_EXT_texture_compression_dxt1 GL_EXT_texture_compression_latc GL_EXT_texture_compression_rgtc GL_EXT_texture_compression_s3tc GL_EXT_texture_cube_map GL_EXT_texture_edge_clamp GL_EXT_texture_env_combine GL_EXT_texture_env_dot3 GL_EXT_texture_filter_anisotropic GL_EXT_texture_filter_minmax GL_EXT_texture_integer GL_EXT_texture_lod G
L_EXT_texture_lod_bias GL_EXT_texture_mirror_clamp GL_EXT_texture_object GL_EXT_texture_shadow_lod GL_EXT_texture_shared_exponent GL_EXT_texture_sRGB GL_EXT_texture_sRGB_R8 GL_EXT_texture_sRGB_decode GL_EXT_texture_storage GL_EXT_texture_swizzle GL_EXT_timer_query GL_EXT_transform_feedback2 GL_EXT_vertex_array GL_EXT_vertex_array_bgra GL_EXT_vertex_attrib_64bit GL_EXT_window_rectangles GL_EXT_x11_sync_object GL_EXT_import_sync_object GL_NV_robustness_video_memory_purge GL_IBM_rasterpos_clip GL_IBM_texture_mirrored_repeat GL_KHR_context_flush_control GL_KHR_debug GL_EXT_memory_object GL_EXT_memory_object_fd GL_NV_memory_object_sparse GL_KHR_parallel_shader_compile GL_KHR_no_error GL_KHR_robust_buffer_access_behavior GL_KHR_robustness GL_EXT_semaphore GL_EXT_semaphore_fd GL_NV_timeline_semaphore GL_KHR_shader_subgroup GL_KTX_buffer_region GL_NV_alpha_to_coverage_dither_control GL_NV_bindless_multi_draw_indirect GL_NV_bindless_multi_draw_indirect_count GL_NV_bindless_texture GL_NV_blend_equation_advanced GL_NV_
blend_equation_advanced_coherent GL_NVX_blend_equation_advanced_multi_draw_buffers GL_NV_blend_minmax_factor GL_NV_blend_square GL_NV_clip_space_w_scaling GL_NV_command_list GL_NV_compute_program5 GL_NV_compute_shader_derivatives GL_NV_conditional_render GL_NV_conservative_raster GL_NV_conservative_raster_dilate GL_NV_conservative_raster_pre_snap GL_NV_conservative_raster_pre_snap_triangles GL_NV_conservative_raster_underestimation GL_NV_copy_depth_to_color GL_NV_copy_image GL_NV_depth_buffer_float GL_NV_depth_clamp GL_NV_draw_texture GL_NV_draw_vulkan_image GL_NV_ES1_1_compatibility GL_NV_ES3_1_compatibility GL_NV_explicit_multisample GL_NV_feature_query GL_NV_fence GL_NV_fill_rectangle GL_NV_float_buffer GL_NV_fog_distance GL_NV_fragment_coverage_to_color GL_NV_fragment_program GL_NV_fragment_program_option GL_NV_fragment_program2 GL_NV_fragment_shader_barycentric GL_NV_fragment_shader_interlock GL_NV_framebuffer_mixed_samples GL_NV_framebuffer_multisample_coverage GL_NV_geometry_shader4 GL_NV_geometry_sha
der_passthrough GL_NV_gpu_program4 GL_NV_internalformat_sample_query GL_NV_gpu_program4_1 GL_NV_gpu_program5 GL_NV_gpu_program5_mem_extended GL_NV_gpu_program_fp64 GL_NV_gpu_shader5 GL_NV_half_float GL_NV_light_max_exponent GL_NV_memory_attachment GL_NV_mesh_shader GL_NV_multisample_coverage GL_NV_multisample_filter_hint GL_NV_occlusion_query GL_NV_packed_depth_stencil GL_NV_parameter_buffer_object GL_NV_parameter_buffer_object2 GL_NV_path_rendering GL_NV_path_rendering_shared_edge GL_NV_pixel_data_range GL_NV_point_sprite GL_NV_primitive_restart GL_NV_primitive_shading_rate GL_NV_query_resource GL_NV_query_resource_tag GL_NV_register_combiners GL_NV_register_combiners2 GL_NV_representative_fragment_test GL_NV_sample_locations GL_NV_sample_mask_override_coverage GL_NV_scissor_exclusive GL_NV_shader_atomic_counters GL_NV_shader_atomic_float GL_NV_shader_atomic_float64 GL_NV_shader_atomic_fp16_vector GL_NV_shader_atomic_int64 GL_NV_shader_buffer_load GL_NV_shader_storage_buffer_object GL_NV_shader_subgroup_par
titioned GL_NV_shader_texture_footprint GL_NV_shading_rate_image GL_NV_stereo_view_rendering GL_NV_texgen_reflection GL_NV_texture_barrier GL_NV_texture_compression_vtc GL_NV_texture_dirty_tile_map GL_NV_texture_env_combine4 GL_NV_texture_multisample GL_NV_texture_rectangle GL_NV_texture_rectangle_compressed GL_NV_texture_shader GL_NV_texture_shader2 GL_NV_texture_shader3 GL_NV_transform_feedback GL_NV_transform_feedback2 GL_NV_uniform_buffer_unified_memory GL_NV_vdpau_interop GL_NV_vdpau_interop2 GL_NV_vertex_array_range GL_NV_vertex_array_range2 GL_NV_vertex_attrib_integer_64bit GL_NV_vertex_buffer_unified_memory GL_NV_vertex_program GL_NV_vertex_program1_1 GL_NV_vertex_program2 GL_NV_vertex_program2_option GL_NV_vertex_program3 GL_NV_viewport_array2 GL_NV_viewport_swizzle GL_NVX_conditional_render GL_NV_gpu_multicast GL_NVX_progress_fence GL_NVX_gpu_memory_info GL_NVX_nvenc_interop GL_NV_shader_thread_group GL_NV_shader_thread_shuffle GL_KHR_blend_equation_advanced GL_KHR_blend_equation_advanced_coherent 
GL_OVR_multiview GL_OVR_multiview2 GL_SGIS_generate_mipmap GL_SGIS_texture_lod GL_SGIX_depth_texture GL_SGIX_shadow GL_SUN_slice_accum
OPENGL LOG: Creating OpenGL 4.5 graphics device ; Context level  <OpenGL 4.5> ; Context handle -813620936
Initialize mono
Mono path[0] = '/home/hz/Unity/Hub/Editor/2020.3.18f1/Editor/Data/Managed'
Mono path[1] = '/home/hz/Unity/Hub/Editor/2020.3.18f1/Editor/Data/MonoBleedingEdge/lib/mono/unityjit'
Mono config path = '/home/hz/Unity/Hub/Editor/2020.3.18f1/Editor/Data/MonoBleedingEdge/etc'
Using monoOptions --debugger-agent=transport=dt_socket,embedding=1,server=y,suspend=n,address=127.0.0.1:56414
Begin MonoManager ReloadAssembly
Registering precompiled unity dll's ...
Register platform support module: /home/hz/Unity/Hub/Editor/2020.3.18f1/Editor/Data/PlaybackEngines/LinuxStandaloneSupport/UnityEditor.LinuxStandalone.Extensions.dll
Registered in 0.000685 seconds.
Native extension for LinuxStandalone target not found
Refreshing native plugins compatible for Editor in 22.15 ms, found 0 plugins.
Preloading 0 native plugins for Editor in 0.00 ms.
Mono: successfully reloaded assembly
- Completed reload, in  0.690 seconds
Domain Reload Profiling:
	ReloadAssembly (690ms)
		BeginReloadAssembly (19ms)
			ExecutionOrderSort (0ms)
			DisableScriptedObjects (0ms)
			BackupInstance (0ms)
			ReleaseScriptingObjects (0ms)
			CreateAndSetChildDomain (0ms)
		EndReloadAssembly (283ms)
			LoadAssemblies (18ms)
			RebuildTransferFunctionScriptingTraits (0ms)
			SetupTypeCache (94ms)
			ReleaseScriptCaches (0ms)
			RebuildScriptCaches (21ms)
			SetupLoadedEditorAssemblies (134ms)
				LogAssemblyErrors (0ms)
				InitializePlatformSupportModulesInManaged (3ms)
				SetLoadedEditorAssemblies (0ms)
				RefreshPlugins (22ms)
				BeforeProcessingInitializeOnLoad (5ms)
				ProcessInitializeOnLoadAttributes (81ms)
				ProcessInitializeOnLoadMethodAttributes (22ms)
				AfterProcessingInitializeOnLoad (0ms)
				EditorAssembliesLoaded (0ms)
			ExecutionOrderSort2 (0ms)
			AwakeInstancesAfterBackupRestoration (0ms)
Platform modules already initialized, skipping
Registering precompiled user dll's ...
Registered in 0.000934 seconds.
Begin MonoManager ReloadAssembly
Native extension for LinuxStandalone target not found
Refreshing native plugins compatible for Editor in 0.33 ms, found 0 plugins.
Preloading 0 native plugins for Editor in 0.00 ms.
Mono: successfully reloaded assembly
- Completed reload, in  0.624 seconds
Domain Reload Profiling:
	ReloadAssembly (624ms)
		BeginReloadAssembly (79ms)
			ExecutionOrderSort (0ms)
			DisableScriptedObjects (3ms)
			BackupInstance (0ms)
			ReleaseScriptingObjects (0ms)
			CreateAndSetChildDomain (16ms)
		EndReloadAssembly (509ms)
			LoadAssemblies (42ms)
			RebuildTransferFunctionScriptingTraits (0ms)
			SetupTypeCache (165ms)
			ReleaseScriptCaches (0ms)
			RebuildScriptCaches (30ms)
			SetupLoadedEditorAssemblies (208ms)
				LogAssemblyErrors (0ms)
				InitializePlatformSupportModulesInManaged (4ms)
				SetLoadedEditorAssemblies (0ms)
				RefreshPlugins (0ms)
				BeforeProcessingInitializeOnLoad (42ms)
				ProcessInitializeOnLoadAttributes (157ms)
				ProcessInitializeOnLoadMethodAttributes (3ms)
				AfterProcessingInitializeOnLoad (2ms)
				EditorAssembliesLoaded (0ms)
			ExecutionOrderSort2 (0ms)
			AwakeInstancesAfterBackupRestoration (5ms)
Platform modules already initialized, skipping
========================================================================
Worker process is ready to serve import requests
Launched and connected shader compiler UnityShaderCompiler after 0.00 seconds
Refreshing native plugins compatible for Editor in 0.32 ms, found 0 plugins.
Preloading 0 native plugins for Editor in 0.00 ms.
Unloading 1526 Unused Serialized files (Serialized files now loaded: 0)
System memory in use before: 68.0 MB.
System memory in use after: 68.1 MB.

Unloading 16 unused Assets to reduce memory usage. Loaded Objects now: 1965.
Total: 4.783852 ms (FindLiveObjects: 0.140780 ms CreateObjectMapping: 0.041790 ms MarkObjects: 4.486042 ms  DeleteObjects: 0.114570 ms)

AssetImportParameters requested are different than current active one (requested -> active):
  custom:video-decoder-ogg-theora: a1e56fd34408186e4bbccfd4996cb3dc -> 
  custom:container-muxer-webm: aa71ff27fc2769a1b78a27578f13a17b -> 
  custom:container-demuxer-webm: 4f35f7cbe854078d1ac9338744f61a02 -> 
  custom:container-demuxer-ogg: 62fdf1f143b41e24485cea50d1cbac27 -> 
  custom:video-encoder-webm-vp8: eb34c28f22e8b96e1ab97ce403110664 -> 
  custom:video-decoder-webm-vp8: 9c59270c3fd7afecdb556c50c9e8de78 -> 
  custom:audio-decoder-ogg-vorbis: bf7c407c2cedff20999df2af8eb42d56 -> 
  custom:audio-encoder-webm-vorbis: bf7c407c2cedff20999df2af8eb42d56 -> 
========================================================================
Received Import Request.
  path: Assets/Scripts/Controllers/PlayerMotor.cs
  artifactKey: Guid(7bd7370537b7a104a8c9f03377b11362) Importer(815301076,1909f56bfc062723c751e8b465ee728b)
Start importing Assets/Scripts/Controllers/PlayerMotor.cs using Guid(7bd7370537b7a104a8c9f03377b11362) Importer(815301076,1909f56bfc062723c751e8b465ee728b)  -> (artifact id: 'd04ff2e74900f410a481a8d54d18e125') in 0.003272 seconds 
  Import took 0.005722 seconds .

========================================================================
Received Prepare
Registering precompiled user dll's ...
Registered in 0.000937 seconds.
Begin MonoManager ReloadAssembly
Native extension for LinuxStandalone target not found
Refreshing native plugins compatible for Editor in 0.34 ms, found 0 plugins.
Preloading 0 native plugins for Editor in 0.00 ms.
Mono: successfully reloaded assembly
- Completed reload, in  0.639 seconds
Domain Reload Profiling:
	ReloadAssembly (639ms)
		BeginReloadAssembly (68ms)
			ExecutionOrderSort (0ms)
			DisableScriptedObjects (3ms)
			BackupInstance (0ms)
			ReleaseScriptingObjects (0ms)
			CreateAndSetChildDomain (29ms)
		EndReloadAssembly (531ms)
			LoadAssemblies (42ms)
			RebuildTransferFunctionScriptingTraits (0ms)
			SetupTypeCache (175ms)
			ReleaseScriptCaches (1ms)
			RebuildScriptCaches (27ms)
			SetupLoadedEditorAssemblies (216ms)
				LogAssemblyErrors (0ms)
				InitializePlatformSupportModulesInManaged (4ms)
				SetLoadedEditorAssemblies (0ms)
				RefreshPlugins (0ms)
				BeforeProcessingInitializeOnLoad (42ms)
				ProcessInitializeOnLoadAttributes (166ms)
				ProcessInitializeOnLoadMethodAttributes (2ms)
				AfterProcessingInitializeOnLoad (2ms)
				EditorAssembliesLoaded (0ms)
			ExecutionOrderSort2 (0ms)
			AwakeInstancesAfterBackupRestoration (5ms)
Platform modules already initialized, skipping
Refreshing native plugins compatible for Editor in 0.35 ms, found 0 plugins.
Preloading 0 native plugins for Editor in 0.00 ms.
Unloading 1496 Unused Serialized files (Serialized files now loaded: 0)
System memory in use before: 65.5 MB.
System memory in use after: 65.5 MB.

Unloading 11 unused Assets to reduce memory usage. Loaded Objects now: 1967.
Total: 3.853031 ms (FindLiveObjects: 0.133020 ms CreateObjectMapping: 0.029920 ms MarkObjects: 3.655671 ms  DeleteObjects: 0.033850 ms)

AssetImportParameters requested are different than current active one (requested -> active):
  custom:video-decoder-ogg-theora: a1e56fd34408186e4bbccfd4996cb3dc -> 
  custom:container-muxer-webm: aa71ff27fc2769a1b78a27578f13a17b -> 
  custom:container-demuxer-webm: 4f35f7cbe854078d1ac9338744f61a02 -> 
  custom:container-demuxer-ogg: 62fdf1f143b41e24485cea50d1cbac27 -> 
  custom:video-encoder-webm-vp8: eb34c28f22e8b96e1ab97ce403110664 -> 
  custom:video-decoder-webm-vp8: 9c59270c3fd7afecdb556c50c9e8de78 -> 
  custom:audio-decoder-ogg-vorbis: bf7c407c2cedff20999df2af8eb42d56 -> 
  custom:audio-encoder-webm-vorbis: bf7c407c2cedff20999df2af8eb42d56 -> 
========================================================================
Received Import Request.
  Time since last request: 1675.717760 seconds.
  path: Assets/Sprites/CloseButton.png
  artifactKey: Guid(5cedd15fc3586f640a9592eb8cc80385) Importer(815301076,1909f56bfc062723c751e8b465ee728b)
Start importing Assets/Sprites/CloseButton.png using Guid(5cedd15fc3586f640a9592eb8cc80385) Importer(815301076,1909f56bfc062723c751e8b465ee728b)  -> (artifact id: '36cd49997d6d68bb2c9d0caa42da1f7a') in 0.034302 seconds 
  Import took 0.036781 seconds .

========================================================================
Received Import Request.
  Time since last request: 0.000111 seconds.
  path: Assets/Sprites/Icon.psd
  artifactKey: Guid(12ac3099d95ef9a44953538a2198bb79) Importer(815301076,1909f56bfc062723c751e8b465ee728b)
Start importing Assets/Sprites/Icon.psd using Guid(12ac3099d95ef9a44953538a2198bb79) Importer(815301076,1909f56bfc062723c751e8b465ee728b)  -> (artifact id: '29b7979f5625f6f81544b289274e4f95') in 0.028070 seconds 
  Import took 0.029606 seconds .

========================================================================
Received Import Request.
  Time since last request: 0.000102 seconds.
  path: Assets/Sprites/Panel.psd
  artifactKey: Guid(af0d01f24c90db44cb3b6ccd379a75c4) Importer(815301076,1909f56bfc062723c751e8b465ee728b)
Start importing Assets/Sprites/Panel.psd using Guid(af0d01f24c90db44cb3b6ccd379a75c4) Importer(815301076,1909f56bfc062723c751e8b465ee728b)  -> (artifact id: '2b015cb2028aff8ae8d09324d71098e6') in 0.010497 seconds 
  Import took 0.011640 seconds .

========================================================================
Received Import Request.
  Time since last request: 0.000082 seconds.
  path: Assets/Sprites/Placeholder01.png
  artifactKey: Guid(7a6293b6d9e053dc9946d87ad2442233) Importer(815301076,1909f56bfc062723c751e8b465ee728b)
Start importing Assets/Sprites/Placeholder01.png using Guid(7a6293b6d9e053dc9946d87ad2442233) Importer(815301076,1909f56bfc062723c751e8b465ee728b)  -> (artifact id: 'e0fb6c71f04363df6209f3a852de7714') in 0.005882 seconds 
  Import took 0.006934 seconds .

========================================================================
Received Import Request.
  Time since last request: 0.000064 seconds.
  path: Assets/Sprites/Panel.png
  artifactKey: Guid(207672ed2df14560389b81faa0f53ce8) Importer(815301076,1909f56bfc062723c751e8b465ee728b)
Start importing Assets/Sprites/Panel.png using Guid(207672ed2df14560389b81faa0f53ce8) Importer(815301076,1909f56bfc062723c751e8b465ee728b)  -> (artifact id: 'afce3d35863023c8fb9be6e34b0383f8') in 0.004815 seconds 
  Import took 0.005922 seconds .

========================================================================
Received Import Request.
  Time since last request: 0.000059 seconds.
  path: Assets/Sprites/CloseButton.psd
  artifactKey: Guid(961abb89291254b408fd8dbd6f3e4ffe) Importer(815301076,1909f56bfc062723c751e8b465ee728b)
Start importing Assets/Sprites/CloseButton.psd using Guid(961abb89291254b408fd8dbd6f3e4ffe) Importer(815301076,1909f56bfc062723c751e8b465ee728b)  -> (artifact id: '9f43c60794613a2d479b08cc28a1c545') in 0.009648 seconds 
  Import took 0.011097 seconds .

========================================================================
Received Import Request.
  Time since last request: 0.000069 seconds.
  path: Assets/Sprites/Placeholder02.png
  artifactKey: Guid(0f05c819ab5e8a4fa9cffc83244dde91) Importer(815301076,1909f56bfc062723c751e8b465ee728b)
Start importing Assets/Sprites/Placeholder02.png using Guid(0f05c819ab5e8a4fa9cffc83244dde91) Importer(815301076,1909f56bfc062723c751e8b465ee728b)  -> (artifact id: '541133b6e005a7c9149771c7f4697553') in 0.005658 seconds 
  Import took 0.006781 seconds .

========================================================================
Received Import Request.
  Time since last request: 0.000072 seconds.
  path: Assets/Sprites/Icon.png
  artifactKey: Guid(dfa90c34cd82de1b8938df543a117799) Importer(815301076,1909f56bfc062723c751e8b465ee728b)
Start importing Assets/Sprites/Icon.png using Guid(dfa90c34cd82de1b8938df543a117799) Importer(815301076,1909f56bfc062723c751e8b465ee728b)  -> (artifact id: 'eb4de141d284a8916ad0614660ddf1a0') in 0.005165 seconds 
  Import took 0.006243 seconds .

========================================================================
Received Import Request.
  Time since last request: 8.572618 seconds.
  path: Assets/GFX/Models/Equipment/Clothing.blend
  artifactKey: Guid(32c66631f573c4bdb8c4ff7428acbe0f) Importer(815301076,1909f56bfc062723c751e8b465ee728b)
Start importing Assets/GFX/Models/Equipment/Clothing.blend using Guid(32c66631f573c4bdb8c4ff7428acbe0f) Importer(815301076,1909f56bfc062723c751e8b465ee728b)  -> (artifact id: '9ba94730ba853766e86402f810daf4a2') in 0.078978 seconds 
  Import took 0.081780 seconds .

========================================================================
Received Import Request.
  Time since last request: 0.000114 seconds.
  path: Assets/GFX/Models/Equipment/Equipment.blend
  artifactKey: Guid(84e2722515dfe4030803b9ebfd34f098) Importer(815301076,1909f56bfc062723c751e8b465ee728b)
Start importing Assets/GFX/Models/Equipment/Equipment.blend using Guid(84e2722515dfe4030803b9ebfd34f098) Importer(815301076,1909f56bfc062723c751e8b465ee728b)  -> (artifact id: 'a4df03b4ede19cf9dc41258e87837fca') in 0.092950 seconds 
  Import took 0.094855 seconds .

========================================================================
Received Import Request.
  Time since last request: 9.062206 seconds.
  path: Assets/GFX/Models/Equipment/Materials
  artifactKey: Guid(cdb3d1191437c1662975694472d01522) Importer(815301076,1909f56bfc062723c751e8b465ee728b)
Start importing Assets/GFX/Models/Equipment/Materials using Guid(cdb3d1191437c1662975694472d01522) Importer(815301076,1909f56bfc062723c751e8b465ee728b)  -> (artifact id: '78d4d1d0f0de4244dfba95ac20fc7d74') in 0.000483 seconds 
  Import took 0.002556 seconds .

========================================================================
Received Import Request.
  Time since last request: 0.000379 seconds.
  path: Assets/GFX/Models/Equipment/Materials
  artifactKey: Guid(cdb3d1191437c1662975694472d01522) Importer(815301076,1909f56bfc062723c751e8b465ee728b)
Start importing Assets/GFX/Models/Equipment/Materials using Guid(cdb3d1191437c1662975694472d01522) Importer(815301076,1909f56bfc062723c751e8b465ee728b)  -> (artifact id: '78d4d1d0f0de4244dfba95ac20fc7d74') in 0.000347 seconds 
  Import took 0.001559 seconds .

========================================================================
Received Import Request.
  Time since last request: 0.877823 seconds.
  path: Assets/GFX/Models/Equipment/Materials/Dark Metal.mat
  artifactKey: Guid(a611aea5d07e9efd5a51139211d13a38) Importer(815301076,1909f56bfc062723c751e8b465ee728b)
Start importing Assets/GFX/Models/Equipment/Materials/Dark Metal.mat using Guid(a611aea5d07e9efd5a51139211d13a38) Importer(815301076,1909f56bfc062723c751e8b465ee728b)  -> (artifact id: '9fdfe0e395819a7275bbc91de194809b') in 0.013822 seconds 
  Import took 0.015951 seconds .

========================================================================
Received Import Request.
  Time since last request: 0.000092 seconds.
  path: Assets/GFX/Models/Equipment/Materials/Trim white.mat
  artifactKey: Guid(be989c18ca1dea00eabce9f9ce0bf3d7) Importer(815301076,1909f56bfc062723c751e8b465ee728b)
Start importing Assets/GFX/Models/Equipment/Materials/Trim white.mat using Guid(be989c18ca1dea00eabce9f9ce0bf3d7) Importer(815301076,1909f56bfc062723c751e8b465ee728b)  -> (artifact id: '1ddfee0857b282e5dc05b37bacfb841a') in 0.004343 seconds 
  Import took 0.005762 seconds .

========================================================================
Received Import Request.
  Time since last request: 0.000072 seconds.
  path: Assets/GFX/Models/Equipment/Materials/Metal 2.mat
  artifactKey: Guid(1d950402b7502a8c5851ada0ea6a9a52) Importer(815301076,1909f56bfc062723c751e8b465ee728b)
Start importing Assets/GFX/Models/Equipment/Materials/Metal 2.mat using Guid(1d950402b7502a8c5851ada0ea6a9a52) Importer(815301076,1909f56bfc062723c751e8b465ee728b)  -> (artifact id: 'ed41ee255ffca1595d962330a1c0ec7d') in 0.006203 seconds 
  Import took 0.007812 seconds .

========================================================================
Received Import Request.
  Time since last request: 557.836763 seconds.
  path: Assets/GFX/Models/Characters/Player.blend
  artifactKey: Guid(d5dee0a40e396439794b3ef3f62967d9) Importer(815301076,1909f56bfc062723c751e8b465ee728b)
Start importing Assets/GFX/Models/Characters/Player.blend using Guid(d5dee0a40e396439794b3ef3f62967d9) Importer(815301076,1909f56bfc062723c751e8b465ee728b)  -> (artifact id: '6b1542553df126319117c7cd645479d6') in 0.025843 seconds 
  Import took 0.028568 seconds .

========================================================================
Received Import Request.
  Time since last request: 0.003331 seconds.
  path: Assets/GFX/Models/Characters/Player.blend
  artifactKey: Guid(d5dee0a40e396439794b3ef3f62967d9) Importer(815301076,1909f56bfc062723c751e8b465ee728b)
Start importing Assets/GFX/Models/Characters/Player.blend using Guid(d5dee0a40e396439794b3ef3f62967d9) Importer(815301076,1909f56bfc062723c751e8b465ee728b)  -> (artifact id: '6b1542553df126319117c7cd645479d6') in 0.023729 seconds 
  Import took 0.025533 seconds .

========================================================================
Received Import Request.
  Time since last request: 70.318013 seconds.
  path: Assets/GFX/Models/Characters/Player.blend
  artifactKey: Guid(d5dee0a40e396439794b3ef3f62967d9) Importer(815301076,1909f56bfc062723c751e8b465ee728b)
Start importing Assets/GFX/Models/Characters/Player.blend using Guid(d5dee0a40e396439794b3ef3f62967d9) Importer(815301076,1909f56bfc062723c751e8b465ee728b)  -> (artifact id: 'ab3fd171bcb036778107ae7fbe4417c0') in 0.020354 seconds 
  Import took 0.022743 seconds .

========================================================================
Received Import Request.
  Time since last request: 0.005929 seconds.
  path: Assets/GFX/Models/Characters/Player.blend
  artifactKey: Guid(d5dee0a40e396439794b3ef3f62967d9) Importer(815301076,1909f56bfc062723c751e8b465ee728b)
Start importing Assets/GFX/Models/Characters/Player.blend using Guid(d5dee0a40e396439794b3ef3f62967d9) Importer(815301076,1909f56bfc062723c751e8b465ee728b)  -> (artifact id: 'ab3fd171bcb036778107ae7fbe4417c0') in 0.040645 seconds 
  Import took 0.042992 seconds .

========================================================================
Received Import Request.
  Time since last request: 10.509213 seconds.
  path: Assets/GFX/Models/Characters/Player.blend
  artifactKey: Guid(d5dee0a40e396439794b3ef3f62967d9) Importer(815301076,1909f56bfc062723c751e8b465ee728b)
Start importing Assets/GFX/Models/Characters/Player.blend using Guid(d5dee0a40e396439794b3ef3f62967d9) Importer(815301076,1909f56bfc062723c751e8b465ee728b)  -> (artifact id: '30754bea6e7f1fa783c08ba5d381b564') in 0.044693 seconds 
  Import took 0.047546 seconds .

========================================================================
Received Import Request.
  Time since last request: 0.004929 seconds.
  path: Assets/GFX/Models/Characters/Player.blend
  artifactKey: Guid(d5dee0a40e396439794b3ef3f62967d9) Importer(815301076,1909f56bfc062723c751e8b465ee728b)
Start importing Assets/GFX/Models/Characters/Player.blend using Guid(d5dee0a40e396439794b3ef3f62967d9) Importer(815301076,1909f56bfc062723c751e8b465ee728b)  -> (artifact id: '30754bea6e7f1fa783c08ba5d381b564') in 0.021625 seconds 
  Import took 0.023866 seconds .

========================================================================
Received Import Request.
  Time since last request: 254.458774 seconds.
  path: Assets/GFX/Models/Characters/Player.blend
  artifactKey: Guid(d5dee0a40e396439794b3ef3f62967d9) Importer(815301076,1909f56bfc062723c751e8b465ee728b)
Start importing Assets/GFX/Models/Characters/Player.blend using Guid(d5dee0a40e396439794b3ef3f62967d9) Importer(815301076,1909f56bfc062723c751e8b465ee728b)  -> (artifact id: '6b32454cd7fdebdbfbd6652fc2f99867') in 0.042541 seconds 
  Import took 0.045696 seconds .

========================================================================
Received Import Request.
  Time since last request: 0.005833 seconds.
  path: Assets/GFX/Models/Characters/Player.blend
  artifactKey: Guid(d5dee0a40e396439794b3ef3f62967d9) Importer(815301076,1909f56bfc062723c751e8b465ee728b)
Start importing Assets/GFX/Models/Characters/Player.blend using Guid(d5dee0a40e396439794b3ef3f62967d9) Importer(815301076,1909f56bfc062723c751e8b465ee728b)  -> (artifact id: '6b32454cd7fdebdbfbd6652fc2f99867') in 0.017493 seconds 
  Import took 0.019455 seconds .

========================================================================
Received Prepare
Registering precompiled user dll's ...
Registered in 0.000871 seconds.
Begin MonoManager ReloadAssembly
Native extension for LinuxStandalone target not found
Refreshing native plugins compatible for Editor in 0.34 ms, found 0 plugins.
Preloading 0 native plugins for Editor in 0.00 ms.
Mono: successfully reloaded assembly
- Completed reload, in  0.612 seconds
Domain Reload Profiling:
	ReloadAssembly (612ms)
		BeginReloadAssembly (72ms)
			ExecutionOrderSort (0ms)
			DisableScriptedObjects (3ms)
			BackupInstance (0ms)
			ReleaseScriptingObjects (0ms)
			CreateAndSetChildDomain (28ms)
		EndReloadAssembly (503ms)
			LoadAssemblies (42ms)
			RebuildTransferFunctionScriptingTraits (0ms)
			SetupTypeCache (167ms)
			ReleaseScriptCaches (1ms)
			RebuildScriptCaches (27ms)
			SetupLoadedEditorAssemblies (201ms)
				LogAssemblyErrors (0ms)
				InitializePlatformSupportModulesInManaged (4ms)
				SetLoadedEditorAssemblies (0ms)
				RefreshPlugins (0ms)
				BeforeProcessingInitializeOnLoad (40ms)
				ProcessInitializeOnLoadAttributes (153ms)
				ProcessInitializeOnLoadMethodAttributes (2ms)
				AfterProcessingInitializeOnLoad (2ms)
				EditorAssembliesLoaded (0ms)
			ExecutionOrderSort2 (0ms)
			AwakeInstancesAfterBackupRestoration (5ms)
Platform modules already initialized, skipping
Refreshing native plugins compatible for Editor in 0.36 ms, found 0 plugins.
Preloading 0 native plugins for Editor in 0.00 ms.
Unloading 1496 Unused Serialized files (Serialized files now loaded: 0)
System memory in use before: 67.4 MB.
System memory in use after: 67.4 MB.

Unloading 11 unused Assets to reduce memory usage. Loaded Objects now: 2016.
Total: 5.232532 ms (FindLiveObjects: 0.146910 ms CreateObjectMapping: 0.034900 ms MarkObjects: 5.016402 ms  DeleteObjects: 0.033720 ms)

AssetImportParameters requested are different than current active one (requested -> active):
  custom:video-decoder-ogg-theora: a1e56fd34408186e4bbccfd4996cb3dc -> 
  custom:container-muxer-webm: aa71ff27fc2769a1b78a27578f13a17b -> 
  custom:container-demuxer-webm: 4f35f7cbe854078d1ac9338744f61a02 -> 
  custom:container-demuxer-ogg: 62fdf1f143b41e24485cea50d1cbac27 -> 
  custom:video-encoder-webm-vp8: eb34c28f22e8b96e1ab97ce403110664 -> 
  custom:video-decoder-webm-vp8: 9c59270c3fd7afecdb556c50c9e8de78 -> 
  custom:audio-decoder-ogg-vorbis: bf7c407c2cedff20999df2af8eb42d56 -> 
  custom:audio-encoder-webm-vorbis: bf7c407c2cedff20999df2af8eb42d56 -> 
========================================================================
Received Prepare
Registering precompiled user dll's ...
Registered in 0.001845 seconds.
Begin MonoManager ReloadAssembly
Native extension for LinuxStandalone target not found
Refreshing native plugins compatible for Editor in 0.36 ms, found 0 plugins.
Preloading 0 native plugins for Editor in 0.00 ms.
Mono: successfully reloaded assembly
- Completed reload, in  0.700 seconds
Domain Reload Profiling:
	ReloadAssembly (701ms)
		BeginReloadAssembly (93ms)
			ExecutionOrderSort (0ms)
			DisableScriptedObjects (3ms)
			BackupInstance (0ms)
			ReleaseScriptingObjects (0ms)
			CreateAndSetChildDomain (39ms)
		EndReloadAssembly (551ms)
			LoadAssemblies (55ms)
			RebuildTransferFunctionScriptingTraits (0ms)
			SetupTypeCache (186ms)
			ReleaseScriptCaches (1ms)
			RebuildScriptCaches (31ms)
			SetupLoadedEditorAssemblies (215ms)
				LogAssemblyErrors (0ms)
				InitializePlatformSupportModulesInManaged (4ms)
				SetLoadedEditorAssemblies (0ms)
				RefreshPlugins (0ms)
				BeforeProcessingInitializeOnLoad (42ms)
				ProcessInitializeOnLoadAttributes (163ms)
				ProcessInitializeOnLoadMethodAttributes (3ms)
				AfterProcessingInitializeOnLoad (2ms)
				EditorAssembliesLoaded (0ms)
			ExecutionOrderSort2 (0ms)
			AwakeInstancesAfterBackupRestoration (6ms)
Platform modules already initialized, skipping
Refreshing native plugins compatible for Editor in 0.37 ms, found 0 plugins.
Preloading 0 native plugins for Editor in 0.00 ms.
Unloading 1496 Unused Serialized files (Serialized files now loaded: 0)
System memory in use before: 67.4 MB.
System memory in use after: 67.4 MB.

Unloading 11 unused Assets to reduce memory usage. Loaded Objects now: 2018.
Total: 4.489022 ms (FindLiveObjects: 0.133010 ms CreateObjectMapping: 0.032030 ms MarkObjects: 4.291852 ms  DeleteObjects: 0.031480 ms)

AssetImportParameters requested are different than current active one (requested -> active):
  custom:video-decoder-ogg-theora: a1e56fd34408186e4bbccfd4996cb3dc -> 
  custom:container-muxer-webm: aa71ff27fc2769a1b78a27578f13a17b -> 
  custom:container-demuxer-webm: 4f35f7cbe854078d1ac9338744f61a02 -> 
  custom:container-demuxer-ogg: 62fdf1f143b41e24485cea50d1cbac27 -> 
  custom:video-encoder-webm-vp8: eb34c28f22e8b96e1ab97ce403110664 -> 
  custom:video-decoder-webm-vp8: 9c59270c3fd7afecdb556c50c9e8de78 -> 
  custom:audio-decoder-ogg-vorbis: bf7c407c2cedff20999df2af8eb42d56 -> 
  custom:audio-encoder-webm-vorbis: bf7c407c2cedff20999df2af8eb42d56 -> 
========================================================================
Received Import Request.
  Time since last request: 7305.733565 seconds.
  path: Assets/Scripts/Interactables
  artifactKey: Guid(e1e47fcd0d9949d4aa4ca8460be1591d) Importer(815301076,1909f56bfc062723c751e8b465ee728b)
Start importing Assets/Scripts/Interactables using Guid(e1e47fcd0d9949d4aa4ca8460be1591d) Importer(815301076,1909f56bfc062723c751e8b465ee728b)  -> (artifact id: '6194502d771efcfc4bb60aba97aba84f') in 0.002926 seconds 
  Import took 0.005261 seconds .

========================================================================
Received Import Request.
  Time since last request: 0.004072 seconds.
  path: Assets/Scripts/Interactables
  artifactKey: Guid(e1e47fcd0d9949d4aa4ca8460be1591d) Importer(815301076,1909f56bfc062723c751e8b465ee728b)
Start importing Assets/Scripts/Interactables using Guid(e1e47fcd0d9949d4aa4ca8460be1591d) Importer(815301076,1909f56bfc062723c751e8b465ee728b)  -> (artifact id: '6194502d771efcfc4bb60aba97aba84f') in 0.000489 seconds 
  Import took 0.002143 seconds .

========================================================================
Received Import Request.
  Time since last request: 320.366622 seconds.
  path: Assets/Scripts/Items/Item.cs
  artifactKey: Guid(f47222897a906df4f87f1f02fc026303) Importer(815301076,1909f56bfc062723c751e8b465ee728b)
Start importing Assets/Scripts/Items/Item.cs using Guid(f47222897a906df4f87f1f02fc026303) Importer(815301076,1909f56bfc062723c751e8b465ee728b)  -> (artifact id: '1889d9aca0ca5725458f4094bc96022b') in 0.000468 seconds 
  Import took 0.002439 seconds .

========================================================================
Received Import Request.
  Time since last request: 0.002535 seconds.
  path: Assets/Scripts/Items/Item.cs
  artifactKey: Guid(f47222897a906df4f87f1f02fc026303) Importer(815301076,1909f56bfc062723c751e8b465ee728b)
Start importing Assets/Scripts/Items/Item.cs using Guid(f47222897a906df4f87f1f02fc026303) Importer(815301076,1909f56bfc062723c751e8b465ee728b)  -> (artifact id: '1889d9aca0ca5725458f4094bc96022b') in 0.000348 seconds 
  Import took 0.001610 seconds .

========================================================================
Received Import Request.
  Time since last request: 394.445949 seconds.
  path: Assets/WorldObjects
  artifactKey: Guid(c06b178c5b3b026b083c0056851b9d36) Importer(815301076,1909f56bfc062723c751e8b465ee728b)
Start importing Assets/WorldObjects using Guid(c06b178c5b3b026b083c0056851b9d36) Importer(815301076,1909f56bfc062723c751e8b465ee728b)  -> (artifact id: '7a40f4d5556d3607baaf58e6b18fd305') in 0.000698 seconds 
  Import took 0.002671 seconds .

========================================================================
Received Import Request.
  Time since last request: 11.432981 seconds.
  path: Assets/WorldObjects/Items
  artifactKey: Guid(8f432d3b362e89720b8d6436ac5dd286) Importer(815301076,1909f56bfc062723c751e8b465ee728b)
Start importing Assets/WorldObjects/Items using Guid(8f432d3b362e89720b8d6436ac5dd286) Importer(815301076,1909f56bfc062723c751e8b465ee728b)  -> (artifact id: 'beabc1094bb64d5151d747524d1e1346') in 0.000718 seconds 
  Import took 0.002838 seconds .

========================================================================
Received Import Request.
  Time since last request: 17.480017 seconds.
  path: Assets/WorldObjects/Items/testItem1.asset
  artifactKey: Guid(042f6ad4b0d1e2a20b9d164c771707df) Importer(815301076,1909f56bfc062723c751e8b465ee728b)
Start importing Assets/WorldObjects/Items/testItem1.asset using Guid(042f6ad4b0d1e2a20b9d164c771707df) Importer(815301076,1909f56bfc062723c751e8b465ee728b)  -> (artifact id: 'b2ec53fa3c58397ad509ac7f3f03f58a') in 0.006717 seconds 
  Import took 0.008985 seconds .

========================================================================
Received Import Request.
  Time since last request: 0.020609 seconds.
  path: Assets/WorldObjects/Items/testItem1.asset
  artifactKey: Guid(042f6ad4b0d1e2a20b9d164c771707df) Importer(815301076,1909f56bfc062723c751e8b465ee728b)
Start importing Assets/WorldObjects/Items/testItem1.asset using Guid(042f6ad4b0d1e2a20b9d164c771707df) Importer(815301076,1909f56bfc062723c751e8b465ee728b)  -> (artifact id: 'b2ec53fa3c58397ad509ac7f3f03f58a') in 0.001188 seconds 
  Import took 0.002820 seconds .

========================================================================
Received Prepare
Registering precompiled user dll's ...
Registered in 0.001679 seconds.
Begin MonoManager ReloadAssembly
Native extension for LinuxStandalone target not found
Refreshing native plugins compatible for Editor in 0.38 ms, found 0 plugins.
Preloading 0 native plugins for Editor in 0.00 ms.
Mono: successfully reloaded assembly
- Completed reload, in  0.654 seconds
Domain Reload Profiling:
	ReloadAssembly (654ms)
		BeginReloadAssembly (67ms)
			ExecutionOrderSort (0ms)
			DisableScriptedObjects (3ms)
			BackupInstance (0ms)
			ReleaseScriptingObjects (0ms)
			CreateAndSetChildDomain (26ms)
		EndReloadAssembly (547ms)
			LoadAssemblies (44ms)
			RebuildTransferFunctionScriptingTraits (0ms)
			SetupTypeCache (178ms)
			ReleaseScriptCaches (1ms)
			RebuildScriptCaches (31ms)
			SetupLoadedEditorAssemblies (217ms)
				LogAssemblyErrors (0ms)
				InitializePlatformSupportModulesInManaged (4ms)
				SetLoadedEditorAssemblies (0ms)
				RefreshPlugins (0ms)
				BeforeProcessingInitializeOnLoad (46ms)
				ProcessInitializeOnLoadAttributes (162ms)
				ProcessInitializeOnLoadMethodAttributes (2ms)
				AfterProcessingInitializeOnLoad (2ms)
				EditorAssembliesLoaded (0ms)
			ExecutionOrderSort2 (0ms)
			AwakeInstancesAfterBackupRestoration (5ms)
Platform modules already initialized, skipping
Refreshing native plugins compatible for Editor in 0.47 ms, found 0 plugins.
Preloading 0 native plugins for Editor in 0.00 ms.
Unloading 1496 Unused Serialized files (Serialized files now loaded: 0)
System memory in use before: 67.4 MB.
System memory in use after: 67.5 MB.

Unloading 11 unused Assets to reduce memory usage. Loaded Objects now: 2020.
Total: 4.545522 ms (FindLiveObjects: 0.159720 ms CreateObjectMapping: 0.030940 ms MarkObjects: 4.322582 ms  DeleteObjects: 0.031630 ms)

AssetImportParameters requested are different than current active one (requested -> active):
  custom:video-decoder-ogg-theora: a1e56fd34408186e4bbccfd4996cb3dc -> 
  custom:container-muxer-webm: aa71ff27fc2769a1b78a27578f13a17b -> 
  custom:container-demuxer-webm: 4f35f7cbe854078d1ac9338744f61a02 -> 
  custom:container-demuxer-ogg: 62fdf1f143b41e24485cea50d1cbac27 -> 
  custom:video-encoder-webm-vp8: eb34c28f22e8b96e1ab97ce403110664 -> 
  custom:video-decoder-webm-vp8: 9c59270c3fd7afecdb556c50c9e8de78 -> 
  custom:audio-decoder-ogg-vorbis: bf7c407c2cedff20999df2af8eb42d56 -> 
  custom:audio-encoder-webm-vorbis: bf7c407c2cedff20999df2af8eb42d56 -> 
========================================================================
Received Prepare
Registering precompiled user dll's ...
Registered in 0.000874 seconds.
Begin MonoManager ReloadAssembly
Native extension for LinuxStandalone target not found
Refreshing native plugins compatible for Editor in 0.34 ms, found 0 plugins.
Preloading 0 native plugins for Editor in 0.00 ms.
Mono: successfully reloaded assembly
- Completed reload, in  0.622 seconds
Domain Reload Profiling:
	ReloadAssembly (623ms)
		BeginReloadAssembly (64ms)
			ExecutionOrderSort (0ms)
			DisableScriptedObjects (3ms)
			BackupInstance (0ms)
			ReleaseScriptingObjects (0ms)
			CreateAndSetChildDomain (25ms)
		EndReloadAssembly (520ms)
			LoadAssemblies (42ms)
			RebuildTransferFunctionScriptingTraits (0ms)
			SetupTypeCache (165ms)
			ReleaseScriptCaches (1ms)
			RebuildScriptCaches (28ms)
			SetupLoadedEditorAssemblies (215ms)
				LogAssemblyErrors (0ms)
				InitializePlatformSupportModulesInManaged (4ms)
				SetLoadedEditorAssemblies (0ms)
				RefreshPlugins (0ms)
				BeforeProcessingInitializeOnLoad (39ms)
				ProcessInitializeOnLoadAttributes (165ms)
				ProcessInitializeOnLoadMethodAttributes (3ms)
				AfterProcessingInitializeOnLoad (4ms)
				EditorAssembliesLoaded (0ms)
			ExecutionOrderSort2 (0ms)
			AwakeInstancesAfterBackupRestoration (6ms)
Platform modules already initialized, skipping
Refreshing native plugins compatible for Editor in 0.34 ms, found 0 plugins.
Preloading 0 native plugins for Editor in 0.00 ms.
Unloading 1496 Unused Serialized files (Serialized files now loaded: 0)
System memory in use before: 67.4 MB.
System memory in use after: 67.5 MB.

Unloading 11 unused Assets to reduce memory usage. Loaded Objects now: 2022.
Total: 4.263981 ms (FindLiveObjects: 0.141380 ms CreateObjectMapping: 0.035760 ms MarkObjects: 4.049781 ms  DeleteObjects: 0.036280 ms)

AssetImportParameters requested are different than current active one (requested -> active):
  custom:video-decoder-ogg-theora: a1e56fd34408186e4bbccfd4996cb3dc -> 
  custom:container-muxer-webm: aa71ff27fc2769a1b78a27578f13a17b -> 
  custom:container-demuxer-webm: 4f35f7cbe854078d1ac9338744f61a02 -> 
  custom:container-demuxer-ogg: 62fdf1f143b41e24485cea50d1cbac27 -> 
  custom:video-encoder-webm-vp8: eb34c28f22e8b96e1ab97ce403110664 -> 
  custom:video-decoder-webm-vp8: 9c59270c3fd7afecdb556c50c9e8de78 -> 
  custom:audio-decoder-ogg-vorbis: bf7c407c2cedff20999df2af8eb42d56 -> 
  custom:audio-encoder-webm-vorbis: bf7c407c2cedff20999df2af8eb42d56 -> 
========================================================================
Received Prepare
Registering precompiled user dll's ...
Registered in 0.001265 seconds.
Begin MonoManager ReloadAssembly
Native extension for LinuxStandalone target not found
Refreshing native plugins compatible for Editor in 0.35 ms, found 0 plugins.
Preloading 0 native plugins for Editor in 0.00 ms.
Mono: successfully reloaded assembly
- Completed reload, in  0.631 seconds
Domain Reload Profiling:
	ReloadAssembly (632ms)
		BeginReloadAssembly (79ms)
			ExecutionOrderSort (0ms)
			DisableScriptedObjects (3ms)
			BackupInstance (0ms)
			ReleaseScriptingObjects (0ms)
			CreateAndSetChildDomain (28ms)
		EndReloadAssembly (511ms)
			LoadAssemblies (52ms)
			RebuildTransferFunctionScriptingTraits (0ms)
			SetupTypeCache (166ms)
			ReleaseScriptCaches (1ms)
			RebuildScriptCaches (26ms)
			SetupLoadedEditorAssemblies (208ms)
				LogAssemblyErrors (0ms)
				InitializePlatformSupportModulesInManaged (4ms)
				SetLoadedEditorAssemblies (0ms)
				RefreshPlugins (0ms)
				BeforeProcessingInitializeOnLoad (42ms)
				ProcessInitializeOnLoadAttributes (157ms)
				ProcessInitializeOnLoadMethodAttributes (2ms)
				AfterProcessingInitializeOnLoad (2ms)
				EditorAssembliesLoaded (0ms)
			ExecutionOrderSort2 (0ms)
			AwakeInstancesAfterBackupRestoration (5ms)
Platform modules already initialized, skipping
Refreshing native plugins compatible for Editor in 0.34 ms, found 0 plugins.
Preloading 0 native plugins for Editor in 0.00 ms.
Unloading 1496 Unused Serialized files (Serialized files now loaded: 0)
System memory in use before: 67.4 MB.
System memory in use after: 67.5 MB.

Unloading 11 unused Assets to reduce memory usage. Loaded Objects now: 2024.
Total: 3.899701 ms (FindLiveObjects: 0.144100 ms CreateObjectMapping: 0.031600 ms MarkObjects: 3.693231 ms  DeleteObjects: 0.030170 ms)

AssetImportParameters requested are different than current active one (requested -> active):
  custom:video-decoder-ogg-theora: a1e56fd34408186e4bbccfd4996cb3dc -> 
  custom:container-muxer-webm: aa71ff27fc2769a1b78a27578f13a17b -> 
  custom:container-demuxer-webm: 4f35f7cbe854078d1ac9338744f61a02 -> 
  custom:container-demuxer-ogg: 62fdf1f143b41e24485cea50d1cbac27 -> 
  custom:video-encoder-webm-vp8: eb34c28f22e8b96e1ab97ce403110664 -> 
  custom:video-decoder-webm-vp8: 9c59270c3fd7afecdb556c50c9e8de78 -> 
  custom:audio-decoder-ogg-vorbis: bf7c407c2cedff20999df2af8eb42d56 -> 
  custom:audio-encoder-webm-vorbis: bf7c407c2cedff20999df2af8eb42d56 -> 
========================================================================
Received Prepare
Registering precompiled user dll's ...
Registered in 0.000769 seconds.
Begin MonoManager ReloadAssembly
Native extension for LinuxStandalone target not found
Refreshing native plugins compatible for Editor in 0.34 ms, found 0 plugins.
Preloading 0 native plugins for Editor in 0.00 ms.
Mono: successfully reloaded assembly
- Completed reload, in  0.595 seconds
Domain Reload Profiling:
	ReloadAssembly (595ms)
		BeginReloadAssembly (68ms)
			ExecutionOrderSort (0ms)
			DisableScriptedObjects (3ms)
			BackupInstance (0ms)
			ReleaseScriptingObjects (0ms)
			CreateAndSetChildDomain (27ms)
		EndReloadAssembly (490ms)
			LoadAssemblies (40ms)
			RebuildTransferFunctionScriptingTraits (0ms)
			SetupTypeCache (163ms)
			ReleaseScriptCaches (1ms)
			RebuildScriptCaches (27ms)
			SetupLoadedEditorAssemblies (194ms)
				LogAssemblyErrors (0ms)
				InitializePlatformSupportModulesInManaged (3ms)
				SetLoadedEditorAssemblies (0ms)
				RefreshPlugins (0ms)
				BeforeProcessingInitializeOnLoad (37ms)
				ProcessInitializeOnLoadAttributes (149ms)
				ProcessInitializeOnLoadMethodAttributes (2ms)
				AfterProcessingInitializeOnLoad (2ms)
				EditorAssembliesLoaded (0ms)
			ExecutionOrderSort2 (0ms)
			AwakeInstancesAfterBackupRestoration (5ms)
Platform modules already initialized, skipping
Refreshing native plugins compatible for Editor in 0.39 ms, found 0 plugins.
Preloading 0 native plugins for Editor in 0.00 ms.
Unloading 1496 Unused Serialized files (Serialized files now loaded: 0)
System memory in use before: 67.4 MB.
System memory in use after: 67.5 MB.

Unloading 11 unused Assets to reduce memory usage. Loaded Objects now: 2026.
Total: 5.390892 ms (FindLiveObjects: 0.332940 ms CreateObjectMapping: 0.048861 ms MarkObjects: 4.956331 ms  DeleteObjects: 0.051770 ms)

AssetImportParameters requested are different than current active one (requested -> active):
  custom:video-decoder-ogg-theora: a1e56fd34408186e4bbccfd4996cb3dc -> 
  custom:container-muxer-webm: aa71ff27fc2769a1b78a27578f13a17b -> 
  custom:container-demuxer-webm: 4f35f7cbe854078d1ac9338744f61a02 -> 
  custom:container-demuxer-ogg: 62fdf1f143b41e24485cea50d1cbac27 -> 
  custom:video-encoder-webm-vp8: eb34c28f22e8b96e1ab97ce403110664 -> 
  custom:video-decoder-webm-vp8: 9c59270c3fd7afecdb556c50c9e8de78 -> 
  custom:audio-decoder-ogg-vorbis: bf7c407c2cedff20999df2af8eb42d56 -> 
  custom:audio-encoder-webm-vorbis: bf7c407c2cedff20999df2af8eb42d56 -> 
========================================================================
Received Prepare
Registering precompiled user dll's ...
Registered in 0.000906 seconds.
Begin MonoManager ReloadAssembly
Native extension for LinuxStandalone target not found
Refreshing native plugins compatible for Editor in 0.39 ms, found 0 plugins.
Preloading 0 native plugins for Editor in 0.00 ms.
Mono: successfully reloaded assembly
- Completed reload, in  0.612 seconds
Domain Reload Profiling:
	ReloadAssembly (612ms)
		BeginReloadAssembly (67ms)
			ExecutionOrderSort (0ms)
			DisableScriptedObjects (3ms)
			BackupInstance (0ms)
			ReleaseScriptingObjects (0ms)
			CreateAndSetChildDomain (24ms)
		EndReloadAssembly (508ms)
			LoadAssemblies (41ms)
			RebuildTransferFunctionScriptingTraits (0ms)
			SetupTypeCache (159ms)
			ReleaseScriptCaches (1ms)
			RebuildScriptCaches (26ms)
			SetupLoadedEditorAssemblies (217ms)
				LogAssemblyErrors (0ms)
				InitializePlatformSupportModulesInManaged (3ms)
				SetLoadedEditorAssemblies (0ms)
				RefreshPlugins (0ms)
				BeforeProcessingInitializeOnLoad (37ms)
				ProcessInitializeOnLoadAttributes (171ms)
				ProcessInitializeOnLoadMethodAttributes (2ms)
				AfterProcessingInitializeOnLoad (2ms)
				EditorAssembliesLoaded (0ms)
			ExecutionOrderSort2 (0ms)
			AwakeInstancesAfterBackupRestoration (5ms)
Platform modules already initialized, skipping
Refreshing native plugins compatible for Editor in 0.31 ms, found 0 plugins.
Preloading 0 native plugins for Editor in 0.00 ms.
Unloading 1496 Unused Serialized files (Serialized files now loaded: 0)
System memory in use before: 67.4 MB.
System memory in use after: 67.5 MB.

Unloading 11 unused Assets to reduce memory usage. Loaded Objects now: 2028.
Total: 3.868721 ms (FindLiveObjects: 0.130790 ms CreateObjectMapping: 0.031880 ms MarkObjects: 3.681351 ms  DeleteObjects: 0.024140 ms)

AssetImportParameters requested are different than current active one (requested -> active):
  custom:video-decoder-ogg-theora: a1e56fd34408186e4bbccfd4996cb3dc -> 
  custom:container-muxer-webm: aa71ff27fc2769a1b78a27578f13a17b -> 
  custom:container-demuxer-webm: 4f35f7cbe854078d1ac9338744f61a02 -> 
  custom:container-demuxer-ogg: 62fdf1f143b41e24485cea50d1cbac27 -> 
  custom:video-encoder-webm-vp8: eb34c28f22e8b96e1ab97ce403110664 -> 
  custom:video-decoder-webm-vp8: 9c59270c3fd7afecdb556c50c9e8de78 -> 
  custom:audio-decoder-ogg-vorbis: bf7c407c2cedff20999df2af8eb42d56 -> 
  custom:audio-encoder-webm-vorbis: bf7c407c2cedff20999df2af8eb42d56 -> 
========================================================================
Received Prepare
Registering precompiled user dll's ...
Registered in 0.000829 seconds.
Begin MonoManager ReloadAssembly
Native extension for LinuxStandalone target not found
Refreshing native plugins compatible for Editor in 0.35 ms, found 0 plugins.
Preloading 0 native plugins for Editor in 0.00 ms.
Mono: successfully reloaded assembly
- Completed reload, in  0.593 seconds
Domain Reload Profiling:
	ReloadAssembly (593ms)
		BeginReloadAssembly (63ms)
			ExecutionOrderSort (0ms)
			DisableScriptedObjects (3ms)
			BackupInstance (0ms)
			ReleaseScriptingObjects (0ms)
			CreateAndSetChildDomain (26ms)
		EndReloadAssembly (492ms)
			LoadAssemblies (39ms)
			RebuildTransferFunctionScriptingTraits (0ms)
			SetupTypeCache (162ms)
			ReleaseScriptCaches (1ms)
			RebuildScriptCaches (30ms)
			SetupLoadedEditorAssemblies (194ms)
				LogAssemblyErrors (0ms)
				InitializePlatformSupportModulesInManaged (4ms)
				SetLoadedEditorAssemblies (0ms)
				RefreshPlugins (0ms)
				BeforeProcessingInitializeOnLoad (38ms)
				ProcessInitializeOnLoadAttributes (147ms)
				ProcessInitializeOnLoadMethodAttributes (2ms)
				AfterProcessingInitializeOnLoad (2ms)
				EditorAssembliesLoaded (0ms)
			ExecutionOrderSort2 (0ms)
			AwakeInstancesAfterBackupRestoration (5ms)
Platform modules already initialized, skipping
Refreshing native plugins compatible for Editor in 0.30 ms, found 0 plugins.
Preloading 0 native plugins for Editor in 0.00 ms.
Unloading 1496 Unused Serialized files (Serialized files now loaded: 0)
System memory in use before: 67.4 MB.
System memory in use after: 67.5 MB.

Unloading 11 unused Assets to reduce memory usage. Loaded Objects now: 2030.
Total: 5.841521 ms (FindLiveObjects: 0.157420 ms CreateObjectMapping: 0.044450 ms MarkObjects: 5.594391 ms  DeleteObjects: 0.044580 ms)

AssetImportParameters requested are different than current active one (requested -> active):
  custom:video-decoder-ogg-theora: a1e56fd34408186e4bbccfd4996cb3dc -> 
  custom:container-muxer-webm: aa71ff27fc2769a1b78a27578f13a17b -> 
  custom:container-demuxer-webm: 4f35f7cbe854078d1ac9338744f61a02 -> 
  custom:container-demuxer-ogg: 62fdf1f143b41e24485cea50d1cbac27 -> 
  custom:video-encoder-webm-vp8: eb34c28f22e8b96e1ab97ce403110664 -> 
  custom:video-decoder-webm-vp8: 9c59270c3fd7afecdb556c50c9e8de78 -> 
  custom:audio-decoder-ogg-vorbis: bf7c407c2cedff20999df2af8eb42d56 -> 
  custom:audio-encoder-webm-vorbis: bf7c407c2cedff20999df2af8eb42d56 -> 
========================================================================
Received Import Request.
  Time since last request: 1313.679605 seconds.
  path: Assets/WorldObjects/Items/testItem1.asset
  artifactKey: Guid(042f6ad4b0d1e2a20b9d164c771707df) Importer(815301076,1909f56bfc062723c751e8b465ee728b)
Start importing Assets/WorldObjects/Items/testItem1.asset using Guid(042f6ad4b0d1e2a20b9d164c771707df) Importer(815301076,1909f56bfc062723c751e8b465ee728b)  -> (artifact id: '7d41fdc36d9e302cc2882407205216c2') in 0.008148 seconds 
  Import took 0.010477 seconds .

========================================================================
Received Import Request.
  Time since last request: 0.001144 seconds.
  path: Assets/WorldObjects/Items/testItem1.asset
  artifactKey: Guid(042f6ad4b0d1e2a20b9d164c771707df) Importer(815301076,1909f56bfc062723c751e8b465ee728b)
Start importing Assets/WorldObjects/Items/testItem1.asset using Guid(042f6ad4b0d1e2a20b9d164c771707df) Importer(815301076,1909f56bfc062723c751e8b465ee728b)  -> (artifact id: '7d41fdc36d9e302cc2882407205216c2') in 0.000615 seconds 
  Import took 0.001989 seconds .

========================================================================
Received Import Request.
  Time since last request: 13.644274 seconds.
  path: Assets/Scripts/Inventory/Inventory.cs
  artifactKey: Guid(740e0cdf70e18d648be0b296fe89fc1a) Importer(815301076,1909f56bfc062723c751e8b465ee728b)
Start importing Assets/Scripts/Inventory/Inventory.cs using Guid(740e0cdf70e18d648be0b296fe89fc1a) Importer(815301076,1909f56bfc062723c751e8b465ee728b)  -> (artifact id: '197eba7c1e51e3513f9bb2af6ffeffb5') in 0.000505 seconds 
  Import took 0.002496 seconds .

========================================================================
Received Import Request.
  Time since last request: 0.000782 seconds.
  path: Assets/Scripts/Inventory/Inventory.cs
  artifactKey: Guid(740e0cdf70e18d648be0b296fe89fc1a) Importer(815301076,1909f56bfc062723c751e8b465ee728b)
Start importing Assets/Scripts/Inventory/Inventory.cs using Guid(740e0cdf70e18d648be0b296fe89fc1a) Importer(815301076,1909f56bfc062723c751e8b465ee728b)  -> (artifact id: '197eba7c1e51e3513f9bb2af6ffeffb5') in 0.000364 seconds 
  Import took 0.001615 seconds .

========================================================================
Received Prepare
Registering precompiled user dll's ...
Registered in 0.000872 seconds.
Begin MonoManager ReloadAssembly
Native extension for LinuxStandalone target not found
Refreshing native plugins compatible for Editor in 0.34 ms, found 0 plugins.
Preloading 0 native plugins for Editor in 0.00 ms.
Mono: successfully reloaded assembly
- Completed reload, in  0.631 seconds
Domain Reload Profiling:
	ReloadAssembly (631ms)
		BeginReloadAssembly (66ms)
			ExecutionOrderSort (0ms)
			DisableScriptedObjects (3ms)
			BackupInstance (0ms)
			ReleaseScriptingObjects (0ms)
			CreateAndSetChildDomain (27ms)
		EndReloadAssembly (527ms)
			LoadAssemblies (42ms)
			RebuildTransferFunctionScriptingTraits (0ms)
			SetupTypeCache (168ms)
			ReleaseScriptCaches (1ms)
			RebuildScriptCaches (27ms)
			SetupLoadedEditorAssemblies (222ms)
				LogAssemblyErrors (0ms)
				InitializePlatformSupportModulesInManaged (4ms)
				SetLoadedEditorAssemblies (0ms)
				RefreshPlugins (0ms)
				BeforeProcessingInitializeOnLoad (39ms)
				ProcessInitializeOnLoadAttributes (174ms)
				ProcessInitializeOnLoadMethodAttributes (3ms)
				AfterProcessingInitializeOnLoad (2ms)
				EditorAssembliesLoaded (0ms)
			ExecutionOrderSort2 (0ms)
			AwakeInstancesAfterBackupRestoration (5ms)
Platform modules already initialized, skipping
Refreshing native plugins compatible for Editor in 0.33 ms, found 0 plugins.
Preloading 0 native plugins for Editor in 0.00 ms.
Unloading 1496 Unused Serialized files (Serialized files now loaded: 0)
System memory in use before: 67.4 MB.
System memory in use after: 67.5 MB.

Unloading 11 unused Assets to reduce memory usage. Loaded Objects now: 2032.
Total: 4.141561 ms (FindLiveObjects: 0.167540 ms CreateObjectMapping: 0.057510 ms MarkObjects: 3.887211 ms  DeleteObjects: 0.028790 ms)

AssetImportParameters requested are different than current active one (requested -> active):
  custom:video-decoder-ogg-theora: a1e56fd34408186e4bbccfd4996cb3dc -> 
  custom:container-muxer-webm: aa71ff27fc2769a1b78a27578f13a17b -> 
  custom:container-demuxer-webm: 4f35f7cbe854078d1ac9338744f61a02 -> 
  custom:container-demuxer-ogg: 62fdf1f143b41e24485cea50d1cbac27 -> 
  custom:video-encoder-webm-vp8: eb34c28f22e8b96e1ab97ce403110664 -> 
  custom:video-decoder-webm-vp8: 9c59270c3fd7afecdb556c50c9e8de78 -> 
  custom:audio-decoder-ogg-vorbis: bf7c407c2cedff20999df2af8eb42d56 -> 
  custom:audio-encoder-webm-vorbis: bf7c407c2cedff20999df2af8eb42d56 -> 
========================================================================
Received Import Request.
  Time since last request: 2122.446870 seconds.
  path: Assets/Environment/Example/NavMesh.asset
  artifactKey: Guid(bb92a61dec3eed0cd8588109ff64377c) Importer(815301076,1909f56bfc062723c751e8b465ee728b)
Start importing Assets/Environment/Example/NavMesh.asset using Guid(bb92a61dec3eed0cd8588109ff64377c) Importer(815301076,1909f56bfc062723c751e8b465ee728b)  -> (artifact id: '6eb73e858bbb5a850279bc3c14cea6d8') in 0.008050 seconds 
  Import took 0.010345 seconds .

========================================================================
Received Import Request.
  Time since last request: 0.426348 seconds.
  path: Assets/Environment/Materials/Trunk.mat
  artifactKey: Guid(c7e55313cd926461182ee561ab8641c4) Importer(815301076,1909f56bfc062723c751e8b465ee728b)
Start importing Assets/Environment/Materials/Trunk.mat using Guid(c7e55313cd926461182ee561ab8641c4) Importer(815301076,1909f56bfc062723c751e8b465ee728b)  -> (artifact id: '3c92f581e1652f66de6895413c2bc0f7') in 0.033109 seconds 
  Import took 0.035443 seconds .

========================================================================
Received Import Request.
  Time since last request: 0.000113 seconds.
  path: Assets/Environment/Materials/Water.mat
  artifactKey: Guid(92d3bf80137384f919abf2dfbd4b934f) Importer(815301076,1909f56bfc062723c751e8b465ee728b)
Start importing Assets/Environment/Materials/Water.mat using Guid(92d3bf80137384f919abf2dfbd4b934f) Importer(815301076,1909f56bfc062723c751e8b465ee728b)  -> (artifact id: '21e8eee3495d44de3e2720784ae81b3d') in 0.010678 seconds 
  Import took 0.012126 seconds .

========================================================================
Received Import Request.
  Time since last request: 2.051617 seconds.
  path: Assets/Environment/Models/BaseEnvironment.blend
  artifactKey: Guid(ae02a22f1b8d14810a92c3d05d1e9072) Importer(815301076,1909f56bfc062723c751e8b465ee728b)
Start importing Assets/Environment/Models/BaseEnvironment.blend using Guid(ae02a22f1b8d14810a92c3d05d1e9072) Importer(815301076,1909f56bfc062723c751e8b465ee728b)  -> (artifact id: 'b435d51436b55148282b40e6d15ded11') in 0.070432 seconds 
  Import took 0.072927 seconds .

========================================================================
Received Import Request.
  Time since last request: 0.000132 seconds.
  path: Assets/Environment/Models/Tree 01.blend
  artifactKey: Guid(b2b9a31b76e54409cb67dcdf905d34e6) Importer(815301076,1909f56bfc062723c751e8b465ee728b)
Start importing Assets/Environment/Models/Tree 01.blend using Guid(b2b9a31b76e54409cb67dcdf905d34e6) Importer(815301076,1909f56bfc062723c751e8b465ee728b)  -> (artifact id: 'cde259ce01da6f8111bc225890315681') in 0.007466 seconds 
  Import took 0.009212 seconds .

========================================================================
Received Import Request.
  Time since last request: 0.000133 seconds.
  path: Assets/Environment/Models/Tree 02.blend
  artifactKey: Guid(bd4b5db5f48124a5bba473b348e43b25) Importer(815301076,1909f56bfc062723c751e8b465ee728b)
Start importing Assets/Environment/Models/Tree 02.blend using Guid(bd4b5db5f48124a5bba473b348e43b25) Importer(815301076,1909f56bfc062723c751e8b465ee728b)  -> (artifact id: '977b0df5a01ec7d31bb7066285e4e1fa') in 0.007335 seconds 
  Import took 0.008926 seconds .

========================================================================
Received Import Request.
  Time since last request: 4.726053 seconds.
  path: Assets/Environment/Prefabs/Campfire.prefab
  artifactKey: Guid(43cbaea1607bc9248aedcee481f27809) Importer(815301076,1909f56bfc062723c751e8b465ee728b)
Start importing Assets/Environment/Prefabs/Campfire.prefab using Guid(43cbaea1607bc9248aedcee481f27809) Importer(815301076,1909f56bfc062723c751e8b465ee728b)  -> (artifact id: '524a36dc0eb203ce20bd232de6028e32') in 0.199254 seconds 
  Import took 0.202316 seconds .

========================================================================
Received Import Request.
  Time since last request: 0.000109 seconds.
  path: Assets/Environment/Prefabs/Lamp.prefab
  artifactKey: Guid(bfc2a43bc280a494dbd8a2a82e95a634) Importer(815301076,1909f56bfc062723c751e8b465ee728b)
Start importing Assets/Environment/Prefabs/Lamp.prefab using Guid(bfc2a43bc280a494dbd8a2a82e95a634) Importer(815301076,1909f56bfc062723c751e8b465ee728b)  -> (artifact id: '18dd2a3ad13a88b49c8658011e3c9713') in 0.009246 seconds 
  Import took 0.011055 seconds .

========================================================================
Received Import Request.
  Time since last request: 0.000091 seconds.
  path: Assets/Environment/Prefabs/StoneSize2.prefab
  artifactKey: Guid(1d4e8fdf08b2060448400dd060a320a5) Importer(815301076,1909f56bfc062723c751e8b465ee728b)
Start importing Assets/Environment/Prefabs/StoneSize2.prefab using Guid(1d4e8fdf08b2060448400dd060a320a5) Importer(815301076,1909f56bfc062723c751e8b465ee728b)  -> (artifact id: 'de2647e299f909a7b38b000daef08e89') in 0.004706 seconds 
  Import took 0.005975 seconds .

========================================================================
Received Import Request.
  Time since last request: 0.000078 seconds.
  path: Assets/Environment/Prefabs/GlowBall.prefab
  artifactKey: Guid(22d6eca7f0c9598449f2566e043ab643) Importer(815301076,1909f56bfc062723c751e8b465ee728b)
Start importing Assets/Environment/Prefabs/GlowBall.prefab using Guid(22d6eca7f0c9598449f2566e043ab643) Importer(815301076,1909f56bfc062723c751e8b465ee728b)  -> (artifact id: '3b3b9b0296287ed7765446ee0f921142') in 0.005783 seconds 
  Import took 0.007072 seconds .

========================================================================
Received Import Request.
  Time since last request: 0.000075 seconds.
  path: Assets/Environment/Prefabs/StoneSize1.prefab
  artifactKey: Guid(65b6388fdf5b5d24393f288fe96f3552) Importer(815301076,1909f56bfc062723c751e8b465ee728b)
Start importing Assets/Environment/Prefabs/StoneSize1.prefab using Guid(65b6388fdf5b5d24393f288fe96f3552) Importer(815301076,1909f56bfc062723c751e8b465ee728b)  -> (artifact id: 'f04b7c8c24077bdd9007427a77f9ce0b') in 0.003839 seconds 
  Import took 0.004996 seconds .

========================================================================
Received Import Request.
  Time since last request: 0.000070 seconds.
  path: Assets/Environment/Prefabs/StoneSize3.prefab
  artifactKey: Guid(ce7e7865773b1c24daec1e97606d35ff) Importer(815301076,1909f56bfc062723c751e8b465ee728b)
Start importing Assets/Environment/Prefabs/StoneSize3.prefab using Guid(ce7e7865773b1c24daec1e97606d35ff) Importer(815301076,1909f56bfc062723c751e8b465ee728b)  -> (artifact id: 'c8adc0f50b20104a782fe78bcc90f016') in 0.004368 seconds 
  Import took 0.005476 seconds .

========================================================================
Received Import Request.
  Time since last request: 0.000109 seconds.
  path: Assets/Environment/Prefabs/WoodenStool.prefab
  artifactKey: Guid(a5b6531bd8601e34ea81fc1e43782119) Importer(815301076,1909f56bfc062723c751e8b465ee728b)
Start importing Assets/Environment/Prefabs/WoodenStool.prefab using Guid(a5b6531bd8601e34ea81fc1e43782119) Importer(815301076,1909f56bfc062723c751e8b465ee728b)  -> (artifact id: 'b2844d060e6df211bbc6b0d463e92120') in 0.004380 seconds 
  Import took 0.005598 seconds .

========================================================================
Received Import Request.
  Time since last request: 3.626897 seconds.
  path: Assets/GFX/Chest.blend
  artifactKey: Guid(760b655b3612049b5b301ea2fd05a0b5) Importer(815301076,1909f56bfc062723c751e8b465ee728b)
Start importing Assets/GFX/Chest.blend using Guid(760b655b3612049b5b301ea2fd05a0b5) Importer(815301076,1909f56bfc062723c751e8b465ee728b)  -> (artifact id: '9c41b3eb02112430f47796f360b88db9') in 0.012251 seconds 
  Import took 0.014597 seconds .

========================================================================
Received Import Request.
  Time since last request: 3.797076 seconds.
  path: Assets/GFX/Materials/Gold.mat
  artifactKey: Guid(f06f0a5c51bc34c158fc47f240a61b1d) Importer(815301076,1909f56bfc062723c751e8b465ee728b)
Start importing Assets/GFX/Materials/Gold.mat using Guid(f06f0a5c51bc34c158fc47f240a61b1d) Importer(815301076,1909f56bfc062723c751e8b465ee728b)  -> (artifact id: '4c7ad32b47ca540eea62f76cd3247996') in 0.004828 seconds 
  Import took 0.007281 seconds .

========================================================================
Received Import Request.
  Time since last request: 0.000158 seconds.
  path: Assets/GFX/Materials/Wood.mat
  artifactKey: Guid(14d0f6377b3e04604b72577f4b35ccf9) Importer(815301076,1909f56bfc062723c751e8b465ee728b)
Start importing Assets/GFX/Materials/Wood.mat using Guid(14d0f6377b3e04604b72577f4b35ccf9) Importer(815301076,1909f56bfc062723c751e8b465ee728b)  -> (artifact id: 'b7b1ea151805bacb052c3de7916bbb3c') in 0.004360 seconds 
  Import took 0.005762 seconds .

========================================================================
Received Import Request.
  Time since last request: 0.000100 seconds.
  path: Assets/GFX/Materials/Wood_dark.mat
  artifactKey: Guid(2e82211f332ee418aa013f53557cbee6) Importer(815301076,1909f56bfc062723c751e8b465ee728b)
Start importing Assets/GFX/Materials/Wood_dark.mat using Guid(2e82211f332ee418aa013f53557cbee6) Importer(815301076,1909f56bfc062723c751e8b465ee728b)  -> (artifact id: 'd82a830ad96aae78bfe50d9d6f4b166e') in 0.003411 seconds 
  Import took 0.004622 seconds .

========================================================================
Received Import Request.
  Time since last request: 0.000088 seconds.
  path: Assets/GFX/Materials/Wood dark.mat
  artifactKey: Guid(3aa93c259b01a960bbb9ff2e9d6e23bd) Importer(815301076,1909f56bfc062723c751e8b465ee728b)
Start importing Assets/GFX/Materials/Wood dark.mat using Guid(3aa93c259b01a960bbb9ff2e9d6e23bd) Importer(815301076,1909f56bfc062723c751e8b465ee728b)  -> (artifact id: '4fad54ff59fb7b11bf90b13dc753d13a') in 0.004518 seconds 
  Import took 0.005775 seconds .

========================================================================
Received Import Request.
  Time since last request: 8.070077 seconds.
  path: Assets/GFX/Models/Icons/Helmet.png
  artifactKey: Guid(53a51e6c493114b819ff21f349149692) Importer(815301076,1909f56bfc062723c751e8b465ee728b)
Start importing Assets/GFX/Models/Icons/Helmet.png using Guid(53a51e6c493114b819ff21f349149692) Importer(815301076,1909f56bfc062723c751e8b465ee728b)  -> (artifact id: 'f16f863c10d6306b4e8d8c779991bc2d') in 0.015155 seconds 
  Import took 0.017475 seconds .

========================================================================
Received Import Request.
  Time since last request: 0.000103 seconds.
  path: Assets/GFX/Models/Icons/Shield.png
  artifactKey: Guid(18e814e5172ef4f7c94dcade1d2cdc72) Importer(815301076,1909f56bfc062723c751e8b465ee728b)
Start importing Assets/GFX/Models/Icons/Shield.png using Guid(18e814e5172ef4f7c94dcade1d2cdc72) Importer(815301076,1909f56bfc062723c751e8b465ee728b)  -> (artifact id: 'a16c8ecb7b44aa0c76fb51bb93d49467') in 0.004511 seconds 
  Import took 0.005680 seconds .

========================================================================
Received Import Request.
  Time since last request: 0.000072 seconds.
  path: Assets/GFX/Models/Icons/sword sprite.png
  artifactKey: Guid(3f259d0b1962e4015b6e97c9a0a346ea) Importer(815301076,1909f56bfc062723c751e8b465ee728b)
Start importing Assets/GFX/Models/Icons/sword sprite.png using Guid(3f259d0b1962e4015b6e97c9a0a346ea) Importer(815301076,1909f56bfc062723c751e8b465ee728b)  -> (artifact id: '8092f9173a06e97aae68eaa011af8eca') in 0.003440 seconds 
  Import took 0.004510 seconds .

========================================================================
Received Import Request.
  Time since last request: 0.000061 seconds.
  path: Assets/GFX/Models/Icons/Platebody.png
  artifactKey: Guid(083fa591b8ce94432a62137ec492db83) Importer(815301076,1909f56bfc062723c751e8b465ee728b)
Start importing Assets/GFX/Models/Icons/Platebody.png using Guid(083fa591b8ce94432a62137ec492db83) Importer(815301076,1909f56bfc062723c751e8b465ee728b)  -> (artifact id: '2015b0ff66474a162a3c8358a396fa73') in 0.005409 seconds 
  Import took 0.006486 seconds .

========================================================================
Received Import Request.
  Time since last request: 0.000059 seconds.
  path: Assets/GFX/Models/Icons/Platelegs.png
  artifactKey: Guid(2adef9fa580b542ecb0262099bbc34ab) Importer(815301076,1909f56bfc062723c751e8b465ee728b)
Start importing Assets/GFX/Models/Icons/Platelegs.png using Guid(2adef9fa580b542ecb0262099bbc34ab) Importer(815301076,1909f56bfc062723c751e8b465ee728b)  -> (artifact id: '9ad53a6eab291f6c0cb0469a375de5a7') in 0.003984 seconds 
  Import took 0.005065 seconds .

========================================================================
Received Import Request.
  Time since last request: 0.245308 seconds.
  path: Assets/GFX/Models/Materials/Bone.mat
  artifactKey: Guid(fe055cc3e35ec4559bbbb8662e401536) Importer(815301076,1909f56bfc062723c751e8b465ee728b)
Start importing Assets/GFX/Models/Materials/Bone.mat using Guid(fe055cc3e35ec4559bbbb8662e401536) Importer(815301076,1909f56bfc062723c751e8b465ee728b)  -> (artifact id: 'f01cfa54c086711dbde558bd94b7ddcc') in 0.004718 seconds 
  Import took 0.007002 seconds .

========================================================================
Received Import Request.
  Time since last request: 0.000089 seconds.
  path: Assets/GFX/Models/Materials/Hilt.mat
  artifactKey: Guid(759dc78fe5fd54754857f98cf9869d94) Importer(815301076,1909f56bfc062723c751e8b465ee728b)
Start importing Assets/GFX/Models/Materials/Hilt.mat using Guid(759dc78fe5fd54754857f98cf9869d94) Importer(815301076,1909f56bfc062723c751e8b465ee728b)  -> (artifact id: 'd1575f921295d1b76eb4d81210ef84a6') in 0.003834 seconds 
  Import took 0.004992 seconds .

========================================================================
Received Import Request.
  Time since last request: 0.000063 seconds.
  path: Assets/GFX/Models/Materials/Gold.mat
  artifactKey: Guid(e1c9754ce091b454e8917f8665ec7bf4) Importer(815301076,1909f56bfc062723c751e8b465ee728b)
Start importing Assets/GFX/Models/Materials/Gold.mat using Guid(e1c9754ce091b454e8917f8665ec7bf4) Importer(815301076,1909f56bfc062723c751e8b465ee728b)  -> (artifact id: 'f9132cd407f95549101baa93ce832e6f') in 0.003501 seconds 
  Import took 0.004579 seconds .

========================================================================
Received Import Request.
  Time since last request: 0.000067 seconds.
  path: Assets/GFX/Models/Materials/Top.mat
  artifactKey: Guid(b0d537564abac4ae4a875be48755ab33) Importer(815301076,1909f56bfc062723c751e8b465ee728b)
Start importing Assets/GFX/Models/Materials/Top.mat using Guid(b0d537564abac4ae4a875be48755ab33) Importer(815301076,1909f56bfc062723c751e8b465ee728b)  -> (artifact id: 'd95d9368198a9eddf5d74b6a3e9d063e') in 0.003087 seconds 
  Import took 0.004152 seconds .

========================================================================
Received Import Request.
  Time since last request: 0.000064 seconds.
  path: Assets/GFX/Models/Materials/Pants.mat
  artifactKey: Guid(37dc0c307e03548afab52147f9ca726b) Importer(815301076,1909f56bfc062723c751e8b465ee728b)
Start importing Assets/GFX/Models/Materials/Pants.mat using Guid(37dc0c307e03548afab52147f9ca726b) Importer(815301076,1909f56bfc062723c751e8b465ee728b)  -> (artifact id: 'cca1b863871e266ac2aeb8ec78da1a97') in 0.002719 seconds 
  Import took 0.003851 seconds .

========================================================================
Received Import Request.
  Time since last request: 0.000057 seconds.
  path: Assets/GFX/Models/Materials/Wood_dark.mat
  artifactKey: Guid(e25f75be8df2f41ee92ddbfe4920398c) Importer(815301076,1909f56bfc062723c751e8b465ee728b)
Start importing Assets/GFX/Models/Materials/Wood_dark.mat using Guid(e25f75be8df2f41ee92ddbfe4920398c) Importer(815301076,1909f56bfc062723c751e8b465ee728b)  -> (artifact id: '544c060de108fd8b4d34d9c23b39d82f') in 0.003027 seconds 
  Import took 0.004097 seconds .

========================================================================
Received Import Request.
  Time since last request: 0.000075 seconds.
  path: Assets/GFX/Models/Materials/Trim_white.mat
  artifactKey: Guid(bca7bd020df184694be9cef0bef95775) Importer(815301076,1909f56bfc062723c751e8b465ee728b)
Start importing Assets/GFX/Models/Materials/Trim_white.mat using Guid(bca7bd020df184694be9cef0bef95775) Importer(815301076,1909f56bfc062723c751e8b465ee728b)  -> (artifact id: '8a8bd3b3e311557649e54deec96262a5') in 0.002847 seconds 
  Import took 0.003899 seconds .

========================================================================
Received Import Request.
  Time since last request: 0.000056 seconds.
  path: Assets/GFX/Models/Materials/Chainmail.mat
  artifactKey: Guid(1e9a163977ead4e629db9e2f58132226) Importer(815301076,1909f56bfc062723c751e8b465ee728b)
Start importing Assets/GFX/Models/Materials/Chainmail.mat using Guid(1e9a163977ead4e629db9e2f58132226) Importer(815301076,1909f56bfc062723c751e8b465ee728b)  -> (artifact id: '22cbffcef23f194fbd8363db6fce58c8') in 0.002978 seconds 
  Import took 0.004014 seconds .

========================================================================
Received Import Request.
  Time since last request: 0.000058 seconds.
  path: Assets/GFX/Models/Materials/Hair.mat
  artifactKey: Guid(6060a958ed8aa46908552f0f820cf6ce) Importer(815301076,1909f56bfc062723c751e8b465ee728b)
Start importing Assets/GFX/Models/Materials/Hair.mat using Guid(6060a958ed8aa46908552f0f820cf6ce) Importer(815301076,1909f56bfc062723c751e8b465ee728b)  -> (artifact id: '12d9102124b25110afbbfd0dc1197dd4') in 0.002967 seconds 
  Import took 0.004011 seconds .

========================================================================
Received Import Request.
  Time since last request: 0.000060 seconds.
  path: Assets/GFX/Models/Materials/Bone_dark.mat
  artifactKey: Guid(e66e9526605c340fbb14aa175fa446f4) Importer(815301076,1909f56bfc062723c751e8b465ee728b)
Start importing Assets/GFX/Models/Materials/Bone_dark.mat using Guid(e66e9526605c340fbb14aa175fa446f4) Importer(815301076,1909f56bfc062723c751e8b465ee728b)  -> (artifact id: 'eb7d0f728e5139a02c87f16b76d74570') in 0.002975 seconds 
  Import took 0.004053 seconds .

========================================================================
Received Import Request.
  Time since last request: 0.000058 seconds.
  path: Assets/GFX/Models/Materials/Metal_2.mat
  artifactKey: Guid(2fb9cc9713954478fb8f53462ca7c050) Importer(815301076,1909f56bfc062723c751e8b465ee728b)
Start importing Assets/GFX/Models/Materials/Metal_2.mat using Guid(2fb9cc9713954478fb8f53462ca7c050) Importer(815301076,1909f56bfc062723c751e8b465ee728b)  -> (artifact id: 'b3d1bd2a5b0bba6fd97be0314481128a') in 0.002796 seconds 
  Import took 0.003851 seconds .

========================================================================
Received Import Request.
  Time since last request: 0.000074 seconds.
  path: Assets/GFX/Models/Materials/Trim.mat
  artifactKey: Guid(87e5574c82aed41f493527990a52d239) Importer(815301076,1909f56bfc062723c751e8b465ee728b)
Start importing Assets/GFX/Models/Materials/Trim.mat using Guid(87e5574c82aed41f493527990a52d239) Importer(815301076,1909f56bfc062723c751e8b465ee728b)  -> (artifact id: 'd9857c5f2fc66f59e0accf9c87a1f0b8') in 0.003745 seconds 
  Import took 0.004784 seconds .

========================================================================
Received Import Request.
  Time since last request: 0.000067 seconds.
  path: Assets/GFX/Models/Materials/Skin.mat
  artifactKey: Guid(ad807b2f210e24c6d90e6ea64416b435) Importer(815301076,1909f56bfc062723c751e8b465ee728b)
Start importing Assets/GFX/Models/Materials/Skin.mat using Guid(ad807b2f210e24c6d90e6ea64416b435) Importer(815301076,1909f56bfc062723c751e8b465ee728b)  -> (artifact id: 'fbcd6142e68e8b395a9a3e94efb71efe') in 0.003168 seconds 
  Import took 0.004190 seconds .

========================================================================
Received Import Request.
  Time since last request: 0.000069 seconds.
  path: Assets/GFX/Models/Materials/Dark_Metal.mat
  artifactKey: Guid(199ceb46ebe894a8aba72321aa73452d) Importer(815301076,1909f56bfc062723c751e8b465ee728b)
Start importing Assets/GFX/Models/Materials/Dark_Metal.mat using Guid(199ceb46ebe894a8aba72321aa73452d) Importer(815301076,1909f56bfc062723c751e8b465ee728b)  -> (artifact id: '6fe0406690499600c827f7aa43aadf74') in 0.003127 seconds 
  Import took 0.004159 seconds .

========================================================================
Received Import Request.
  Time since last request: 0.000067 seconds.
  path: Assets/GFX/Models/Materials/Metal.mat
  artifactKey: Guid(6e0acf9628d4e4b57a45e921e86ffa37) Importer(815301076,1909f56bfc062723c751e8b465ee728b)
Start importing Assets/GFX/Models/Materials/Metal.mat using Guid(6e0acf9628d4e4b57a45e921e86ffa37) Importer(815301076,1909f56bfc062723c751e8b465ee728b)  -> (artifact id: '6aba163b275205b2fc89cff5b1e3bf58') in 0.003023 seconds 
  Import took 0.004079 seconds .

========================================================================
Received Import Request.
  Time since last request: 0.000060 seconds.
  path: Assets/GFX/Models/Materials/Material.mat
  artifactKey: Guid(736bd02f6a6784fe383801c3bb6e5ab3) Importer(815301076,1909f56bfc062723c751e8b465ee728b)
Start importing Assets/GFX/Models/Materials/Material.mat using Guid(736bd02f6a6784fe383801c3bb6e5ab3) Importer(815301076,1909f56bfc062723c751e8b465ee728b)  -> (artifact id: 'c30de6d6f0987dbfe83e6f52592e609e') in 0.003023 seconds 
  Import took 0.004090 seconds .

========================================================================
Received Import Request.
  Time since last request: 0.000063 seconds.
  path: Assets/GFX/Models/Materials/Shoe.mat
  artifactKey: Guid(04ad3a1efd45847998eea23dc80c80e8) Importer(815301076,1909f56bfc062723c751e8b465ee728b)
Start importing Assets/GFX/Models/Materials/Shoe.mat using Guid(04ad3a1efd45847998eea23dc80c80e8) Importer(815301076,1909f56bfc062723c751e8b465ee728b)  -> (artifact id: '3f0be722dc9c456eaef76cdb7970dcd2') in 0.002680 seconds 
  Import took 0.003704 seconds .

========================================================================
Received Import Request.
  Time since last request: 0.000056 seconds.
  path: Assets/GFX/Models/Materials/Wood.mat
  artifactKey: Guid(80009c5d2ee9a4e97afe61cfcf769c75) Importer(815301076,1909f56bfc062723c751e8b465ee728b)
Start importing Assets/GFX/Models/Materials/Wood.mat using Guid(80009c5d2ee9a4e97afe61cfcf769c75) Importer(815301076,1909f56bfc062723c751e8b465ee728b)  -> (artifact id: 'abd12246085d8a2de5017f966657e859') in 0.003955 seconds 
  Import took 0.004999 seconds .

========================================================================
Received Import Request.
  Time since last request: 2.616747 seconds.
  path: Assets/Prefabs/Chest.prefab
  artifactKey: Guid(4d37e2582267c4e2b80e7ffa23bfa6d8) Importer(815301076,1909f56bfc062723c751e8b465ee728b)
Start importing Assets/Prefabs/Chest.prefab using Guid(4d37e2582267c4e2b80e7ffa23bfa6d8) Importer(815301076,1909f56bfc062723c751e8b465ee728b)  -> (artifact id: 'f3a9294cfa4c38004f61a623eb906b55') in 0.015245 seconds 
  Import took 0.018374 seconds .

========================================================================
Received Import Request.
  Time since last request: 0.000147 seconds.
  path: Assets/Prefabs/Player.prefab
  artifactKey: Guid(4a5e8315f342741d1963b87f80a4a332) Importer(815301076,1909f56bfc062723c751e8b465ee728b)
Start importing Assets/Prefabs/Player.prefab using Guid(4a5e8315f342741d1963b87f80a4a332) Importer(815301076,1909f56bfc062723c751e8b465ee728b)  -> (artifact id: '736e21ed375f1977e6ca65bd6bcd8e41') in 0.008700 seconds 
  Import took 0.011241 seconds .

========================================================================
Received Import Request.
  Time since last request: 0.000105 seconds.
  path: Assets/Prefabs/Health bar.prefab
  artifactKey: Guid(8fbb2eb18ada94835aa7070a45dc27be) Importer(815301076,1909f56bfc062723c751e8b465ee728b)
Start importing Assets/Prefabs/Health bar.prefab using Guid(8fbb2eb18ada94835aa7070a45dc27be) Importer(815301076,1909f56bfc062723c751e8b465ee728b)  -> (artifact id: '15bb83186aedf9f70b379d778109889a') in 0.005669 seconds 
  Import took 0.007549 seconds .

========================================================================
Received Import Request.
  Time since last request: 0.000088 seconds.
  path: Assets/Prefabs/InventorySlot.prefab
  artifactKey: Guid(c5ae2c8f1b7f35d4c92c3ce9b3b82c62) Importer(815301076,1909f56bfc062723c751e8b465ee728b)
Start importing Assets/Prefabs/InventorySlot.prefab using Guid(c5ae2c8f1b7f35d4c92c3ce9b3b82c62) Importer(815301076,1909f56bfc062723c751e8b465ee728b)  -> (artifact id: '81ab9da3d55acfdff10740e78ade998b') in 0.007965 seconds 
  Import took 0.009751 seconds .

========================================================================
Received Import Request.
  Time since last request: 0.000097 seconds.
  path: Assets/Prefabs/Enemy.prefab
  artifactKey: Guid(16c0f38b36e2d40dbb5ce1f33f2b4490) Importer(815301076,1909f56bfc062723c751e8b465ee728b)
Start importing Assets/Prefabs/Enemy.prefab using Guid(16c0f38b36e2d40dbb5ce1f33f2b4490) Importer(815301076,1909f56bfc062723c751e8b465ee728b)  -> (artifact id: 'c3bfdc07717b8c6e95a4ebd0607710a4') in 0.003122 seconds 
  Import took 0.005033 seconds .

========================================================================
Received Import Request.
  Time since last request: 0.000070 seconds.
  path: Assets/Prefabs/Enemy ragdoll.prefab
  artifactKey: Guid(376d6387388564bef951fdef54eee581) Importer(815301076,1909f56bfc062723c751e8b465ee728b)
Start importing Assets/Prefabs/Enemy ragdoll.prefab using Guid(376d6387388564bef951fdef54eee581) Importer(815301076,1909f56bfc062723c751e8b465ee728b)  -> (artifact id: '075847dc5fcfd1c2b601311b10fc62af') in 0.005095 seconds 
  Import took 0.006913 seconds .

AssetImportWorkerClient::OnTransportError - code=2 error=End of file
